datetime.datetime(2025, 10, 20, 14, 50, 46, 342012, tzinfo=<DstTzInfo 'Asia/Seoul' KST+9:00:00 STD>)
Time is OK... but one more checked!!!
Exception by First
Exception by First
TOKEN :  eyJ0eXAiOiJKV1QiLCJhbGciOiJIUzUxMiJ9.eyJzdWIiOiJ0b2tlbiIsImF1ZCI6ImU5YTVlNjU1LWFkOWUtNDRkOC1iYmMyLWYyOGJlNzkyNDAxOCIsInByZHRfY2QiOiIiLCJpc3MiOiJ1bm9ndyIsImV4cCI6MTc2MTAyNTg0NCwiaWF0IjoxNzYwOTM5NDQ0LCJqdGkiOiJQU2NKVDdxWXdacEI1Y25HM2VzbU1DazN3QndQanBnM0xQQjEifQ.HkSt4CgsCA4FJGXNXV2TFixONmnDdhu-j6cf0tzSS7zOtOWd8w_SdBslPiAOoF4WOoGUMrTDPzAd4TkiOu3NNA
한투 데이터 마지막 날짜: 2025-10-20
----First try----
FDR 마지막 날짜: 2025-10-20
FDR 데이터를 잘 가져옴
--- 7
=== MarketStatus API Call Debug ===
URL: https://openapi.koreainvestment.com:9443/uapi/domestic-stock/v1/quotations/inquire-price
headers: {'Content-Type': 'application/json', 'authorization': 'Bearer eyJ0eXAiOiJKV1QiLCJhbGciOiJIUzUxMiJ9.eyJzdWIiOiJ0b2tlbiIsImF1ZCI6ImU5YTVlNjU1LWFkOWUtNDRkOC1iYmMyLWYyOGJlNzkyNDAxOCIsInByZHRfY2QiOiIiLCJpc3MiOiJ1bm9ndyIsImV4cCI6MTc2MTAyNTg0NCwiaWF0IjoxNzYwOTM5NDQ0LCJqdGkiOiJQU2NKVDdxWXdacEI1Y25HM2VzbU1DazN3QndQanBnM0xQQjEifQ.HkSt4CgsCA4FJGXNXV2TFixONmnDdhu-j6cf0tzSS7zOtOWd8w_SdBslPiAOoF4WOoGUMrTDPzAd4TkiOu3NNA', 'appKey': 'PScJT7qYwZpB5cnG3esmMCk3wBwPjpg3LPB1', 'appSecret': 'V38aLbUVEWXDKTBQPi4dYiN1v2HKJRs8j2CvRKa5hul0Ed4DLa1ZfzOlVMqUaq18hLwP6x1iYzw9ggcbF/SWY0p1ZoDnjNAq0bK2K2DhL7WM6BqKoT1omX/flLlTvoh/5/9x+AF1mCOpug9dayW+JpwongGq2JXAjRg/yR86LerGnVxSTps=', 'tr_id': 'FHKST01010200'}
params: {'FID_COND_MRKT_DIV_CODE': 'J', 'FID_INPUT_ISCD': '069500'}
Response status: 200
Response text: {"output1":{"aspr_acpt_hour":"145045","askp1":"53670","askp2":"53675","askp3":"53680","askp4":"53685","askp5":"53690","askp6":"53695","askp7":"53700","askp8":"53705","askp9":"53710","askp10":"53715","bidp1":"53665","bidp2":"53660","bidp3":"53655","bidp4":"53650","bidp5":"53645","bidp6":"53640","bidp7":"53635","bidp8":"53630","bidp9":"53625","bidp10":"53620","askp_rsqn1":"548","askp_rsqn2":"43940","askp_rsqn3":"37052","askp_rsqn4":"43753","askp_rsqn5":"40299","askp_rsqn6":"34309","askp_rsqn7":"2719","askp_rsqn8":"130","askp_rsqn9":"260","askp_rsqn10":"517","bidp_rsqn1":"34227","bidp_rsqn2":"43850","bidp_rsqn3":"43864","bidp_rsqn4":"46337","bidp_rsqn5":"23673","bidp_rsqn6":"16354","bidp_rsqn7":"13569","bidp_rsqn8":"15818","bidp_rsqn9":"585","bidp_rsqn10":"534","askp_rsqn_icdc1":"0","askp_rsqn_icdc2":"0","askp_rsqn_icdc3":"0","askp_rsqn_icdc4":"0","askp_rsqn_icdc5":"0","askp_rsqn_icdc6":"0","askp_rsqn_icdc7":"0","askp_rsqn_icdc8":"0","askp_rsqn_icdc9":"0","askp_rsqn_icdc10":"0","bidp_rsqn_icdc1":"5000","bidp_rsqn_icdc2":"119","bidp_rsqn_icdc3":"-119","bidp_rsqn_icdc4":"-4990","bidp_rsqn_icdc5":"0","bidp_rsqn_icdc6":"0","bidp_rsqn_icdc7":"-10","bidp_rsqn_icdc8":"0","bidp_rsqn_icdc9":"0","bidp_rsqn_icdc10":"0","total_askp_rsqn":"203527","total_bidp_rsqn":"238811","total_askp_rsqn_icdc":"0","total_bidp_rsqn_icdc":"0","ovtm_total_askp_icdc":"0","ovtm_total_bidp_icdc":"0","ovtm_total_askp_rsqn":"0","ovtm_total_bidp_rsqn":"0","ntby_aspr_rsqn":"35284","new_mkop_cls_code":"20"},"output2":{"antc_mkop_cls_code":"112","stck_prpr":"53670","stck_oprc":"53190","stck_hgpr":"53720","stck_lwpr":"52365","stck_sdpr":"52735","antc_cnpr":"53190","antc_cntg_vrss_sign":"2","antc_cntg_vrss":"455","antc_cntg_prdy_ctrt":"0.86","antc_vol":"72230","stck_shrn_iscd":"069500","vi_cls_code":"N"},"rt_cd":"0","msg_cd":"MCA00000","msg1":"정상처리 되었습니다."}
Response JSON: {'output1': {'aspr_acpt_hour': '145045', 'askp1': '53670', 'askp2': '53675', 'askp3': '53680', 'askp4': '53685', 'askp5': '53690', 'askp6': '53695', 'askp7': '53700', 'askp8': '53705', 'askp9': '53710', 'askp10': '53715', 'bidp1': '53665', 'bidp2': '53660', 'bidp3': '53655', 'bidp4': '53650', 'bidp5': '53645', 'bidp6': '53640', 'bidp7': '53635', 'bidp8': '53630', 'bidp9': '53625', 'bidp10': '53620', 'askp_rsqn1': '548', 'askp_rsqn2': '43940', 'askp_rsqn3': '37052', 'askp_rsqn4': '43753', 'askp_rsqn5': '40299', 'askp_rsqn6': '34309', 'askp_rsqn7': '2719', 'askp_rsqn8': '130', 'askp_rsqn9': '260', 'askp_rsqn10': '517', 'bidp_rsqn1': '34227', 'bidp_rsqn2': '43850', 'bidp_rsqn3': '43864', 'bidp_rsqn4': '46337', 'bidp_rsqn5': '23673', 'bidp_rsqn6': '16354', 'bidp_rsqn7': '13569', 'bidp_rsqn8': '15818', 'bidp_rsqn9': '585', 'bidp_rsqn10': '534', 'askp_rsqn_icdc1': '0', 'askp_rsqn_icdc2': '0', 'askp_rsqn_icdc3': '0', 'askp_rsqn_icdc4': '0', 'askp_rsqn_icdc5': '0', 'askp_rsqn_icdc6': '0', 'askp_rsqn_icdc7': '0', 'askp_rsqn_icdc8': '0', 'askp_rsqn_icdc9': '0', 'askp_rsqn_icdc10': '0', 'bidp_rsqn_icdc1': '5000', 'bidp_rsqn_icdc2': '119', 'bidp_rsqn_icdc3': '-119', 'bidp_rsqn_icdc4': '-4990', 'bidp_rsqn_icdc5': '0', 'bidp_rsqn_icdc6': '0', 'bidp_rsqn_icdc7': '-10', 'bidp_rsqn_icdc8': '0', 'bidp_rsqn_icdc9': '0', 'bidp_rsqn_icdc10': '0', 'total_askp_rsqn': '203527', 'total_bidp_rsqn': '238811', 'total_askp_rsqn_icdc': '0', 'total_bidp_rsqn_icdc': '0', 'ovtm_total_askp_icdc': '0', 'ovtm_total_bidp_icdc': '0', 'ovtm_total_askp_rsqn': '0', 'ovtm_total_bidp_rsqn': '0', 'ntby_aspr_rsqn': '35284', 'new_mkop_cls_code': '20'}, 'output2': {'antc_mkop_cls_code': '112', 'stck_prpr': '53670', 'stck_oprc': '53190', 'stck_hgpr': '53720', 'stck_lwpr': '52365', 'stck_sdpr': '52735', 'antc_cnpr': '53190', 'antc_cntg_vrss_sign': '2', 'antc_cntg_vrss': '455', 'antc_cntg_prdy_ctrt': '0.86', 'antc_vol': '72230', 'stck_shrn_iscd': '069500', 'vi_cls_code': 'N'}, 'rt_cd': '0', 'msg_cd': 'MCA00000', 'msg1': '정상처리 되었습니다.'}
output1: {'aspr_acpt_hour': '145045', 'askp1': '53670', 'askp2': '53675', 'askp3': '53680', 'askp4': '53685', 'askp5': '53690', 'askp6': '53695', 'askp7': '53700', 'askp8': '53705', 'askp9': '53710', 'askp10': '53715', 'bidp1': '53665', 'bidp2': '53660', 'bidp3': '53655', 'bidp4': '53650', 'bidp5': '53645', 'bidp6': '53640', 'bidp7': '53635', 'bidp8': '53630', 'bidp9': '53625', 'bidp10': '53620', 'askp_rsqn1': '548', 'askp_rsqn2': '43940', 'askp_rsqn3': '37052', 'askp_rsqn4': '43753', 'askp_rsqn5': '40299', 'askp_rsqn6': '34309', 'askp_rsqn7': '2719', 'askp_rsqn8': '130', 'askp_rsqn9': '260', 'askp_rsqn10': '517', 'bidp_rsqn1': '34227', 'bidp_rsqn2': '43850', 'bidp_rsqn3': '43864', 'bidp_rsqn4': '46337', 'bidp_rsqn5': '23673', 'bidp_rsqn6': '16354', 'bidp_rsqn7': '13569', 'bidp_rsqn8': '15818', 'bidp_rsqn9': '585', 'bidp_rsqn10': '534', 'askp_rsqn_icdc1': '0', 'askp_rsqn_icdc2': '0', 'askp_rsqn_icdc3': '0', 'askp_rsqn_icdc4': '0', 'askp_rsqn_icdc5': '0', 'askp_rsqn_icdc6': '0', 'askp_rsqn_icdc7': '0', 'askp_rsqn_icdc8': '0', 'askp_rsqn_icdc9': '0', 'askp_rsqn_icdc10': '0', 'bidp_rsqn_icdc1': '5000', 'bidp_rsqn_icdc2': '119', 'bidp_rsqn_icdc3': '-119', 'bidp_rsqn_icdc4': '-4990', 'bidp_rsqn_icdc5': '0', 'bidp_rsqn_icdc6': '0', 'bidp_rsqn_icdc7': '-10', 'bidp_rsqn_icdc8': '0', 'bidp_rsqn_icdc9': '0', 'bidp_rsqn_icdc10': '0', 'total_askp_rsqn': '203527', 'total_bidp_rsqn': '238811', 'total_askp_rsqn_icdc': '0', 'total_bidp_rsqn_icdc': '0', 'ovtm_total_askp_icdc': '0', 'ovtm_total_bidp_icdc': '0', 'ovtm_total_askp_rsqn': '0', 'ovtm_total_bidp_rsqn': '0', 'ntby_aspr_rsqn': '35284', 'new_mkop_cls_code': '20'}
Returning result: {'Status': '2'}
=== MarketStatus Debug Info ===
market type: <class 'dict'>
market value: {'Status': '2'}
market repr: {'Status': '2'}
{'Status': '2'}
=== End MarketStatus Debug Info ===
'20251020'
Market is Open!!!!
---> CTX_AREA_FK100:  43150882^01^N^N^01^01^N^
한투 데이터 마지막 날짜: 2025-10-20
----First try----

----Second try----
web.DataReader 마지막 날짜: 2025-10-20
web.DataReader 데이터를 잘 가져옴
--- 107
한투 데이터 마지막 날짜: 2025-10-20
----First try----
FDR 마지막 날짜: 2025-10-20
FDR 데이터를 잘 가져옴
--- 338
한투 데이터 마지막 날짜: 2025-10-20
----First try----
FDR 마지막 날짜: 2025-10-20
FDR 데이터를 잘 가져옴
--- 338
한투 데이터 마지막 날짜: 2025-10-20
----First try----
FDR 마지막 날짜: 2025-10-20
FDR 데이터를 잘 가져옴
--- 338
한투 데이터 마지막 날짜: 2025-10-20
----First try----
FDR 마지막 날짜: 2025-10-20
FDR 데이터를 잘 가져옴
--- 338
한투 데이터 마지막 날짜: 2025-10-20
----First try----
FDR 마지막 날짜: 2025-10-20
FDR 데이터를 잘 가져옴
--- 338
한투 데이터 마지막 날짜: 2025-10-20
----First try----
FDR 마지막 날짜: 2025-10-20
FDR 데이터를 잘 가져옴
--- 338
한투 데이터 마지막 날짜: 2025-10-20
----First try----
FDR 마지막 날짜: 2025-10-20
FDR 데이터를 잘 가져옴
--- 338
한투 데이터 마지막 날짜: 2025-10-20
----First try----
FDR 마지막 날짜: 2025-10-20
FDR 데이터를 잘 가져옴
--- 338
한투 데이터 마지막 날짜: 2025-10-20
----First try----
FDR 마지막 날짜: 2025-10-20
FDR 데이터를 잘 가져옴
--- 338
한투 데이터 마지막 날짜: 2025-10-20
----First try----
FDR 마지막 날짜: 2025-10-20
FDR 데이터를 잘 가져옴
--- 338
한투 데이터 마지막 날짜: 2025-10-20
----First try----
FDR 마지막 날짜: 2025-10-20
FDR 데이터를 잘 가져옴
--- 338
한투 데이터 마지막 날짜: 2025-10-20
----First try----
FDR 마지막 날짜: 2025-10-20
FDR 데이터를 잘 가져옴
--- 338
한투 데이터 마지막 날짜: 2025-10-20
----First try----
FDR 마지막 날짜: 2025-10-20
FDR 데이터를 잘 가져옴
--- 338
한투 데이터 마지막 날짜: 2025-10-20
----First try----
FDR 마지막 날짜: 2025-10-20
FDR 데이터를 잘 가져옴
--- 338
한투 데이터 마지막 날짜: 2025-10-20
----First try----
FDR 마지막 날짜: 2025-10-20
FDR 데이터를 잘 가져옴
--- 338
한투 데이터 마지막 날짜: 2025-10-20
----First try----
FDR 마지막 날짜: 2025-10-20
FDR 데이터를 잘 가져옴
--- 338
✅ [성공] 메시지 전송 완료: MA_Strategy_KR_Bot_v3 시작...
---> CTX_AREA_FK100:  43150882^01^N^N^01^01^N^
---> CTX_AREA_FK100:  43150882^01^N^N^01^01^N^
---> CTX_AREA_FK100:  43150882^01^N^N^01^01^N^
✅ [성공] 메시지 전송 완료: 📊 이동평균자산배분전략_KR
상세 수익 현황 (2025-10-20 14:51:16)
===...

==== [2025-10-20 14:50:32] Run: MA_Strategy_KR_Bot_v3.py ====
CWD: C:\work\GitHub\py\webserver
Python: C:\Users\kook-minipc\AppData\Local\Microsoft\WindowsApps\PythonSoftwareFoundation.Python.3.11_qbz5n2kfra8p0\python.exe

==== Exit code: 0 ====
==== End of run ===
