datetime.datetime(2025, 10, 23, 14, 51, 16, 557331, tzinfo=<DstTzInfo 'Asia/Seoul' KST+9:00:00 STD>)
Time is OK... but one more checked!!!
한투 데이터 마지막 날짜: 2025-10-23
----First try----
FDR 마지막 날짜: 2025-10-23
FDR 데이터를 잘 가져옴
--- 10
=== MarketStatus API Call Debug ===
URL: https://openapi.koreainvestment.com:9443/uapi/domestic-stock/v1/quotations/inquire-price
headers: {'Content-Type': 'application/json', 'authorization': 'Bearer eyJ0eXAiOiJKV1QiLCJhbGciOiJIUzUxMiJ9.eyJzdWIiOiJ0b2tlbiIsImF1ZCI6ImQ0OTU1YjUxLTYwNjctNDA0Ni1iMjI2LTdjNjI5NTFjNTlkZiIsInByZHRfY2QiOiIiLCJpc3MiOiJ1bm9ndyIsImV4cCI6MTc2MTE5ODkyMCwiaWF0IjoxNzYxMTEyNTIwLCJqdGkiOiJQU2NKVDdxWXdacEI1Y25HM2VzbU1DazN3QndQanBnM0xQQjEifQ.NF4Owq3wMfLSP4ZHhxILqBB2HXtrCsxWKOZGT1ucXUJaHthnH6Rc5VkkX99anFstXVS3DTVP3q8p4q6r6t-TLQ', 'appKey': 'PScJT7qYwZpB5cnG3esmMCk3wBwPjpg3LPB1', 'appSecret': 'V38aLbUVEWXDKTBQPi4dYiN1v2HKJRs8j2CvRKa5hul0Ed4DLa1ZfzOlVMqUaq18hLwP6x1iYzw9ggcbF/SWY0p1ZoDnjNAq0bK2K2DhL7WM6BqKoT1omX/flLlTvoh/5/9x+AF1mCOpug9dayW+JpwongGq2JXAjRg/yR86LerGnVxSTps=', 'tr_id': 'FHKST01010200'}
params: {'FID_COND_MRKT_DIV_CODE': 'J', 'FID_INPUT_ISCD': '069500'}
Response status: 200
Response text: {"output1":{"aspr_acpt_hour":"145116","askp1":"53855","askp2":"53860","askp3":"53865","askp4":"53870","askp5":"53875","askp6":"53880","askp7":"53885","askp8":"53890","askp9":"53895","askp10":"53900","bidp1":"53850","bidp2":"53845","bidp3":"53840","bidp4":"53835","bidp5":"53830","bidp6":"53825","bidp7":"53820","bidp8":"53815","bidp9":"53810","bidp10":"53805","askp_rsqn1":"3623","askp_rsqn2":"14802","askp_rsqn3":"9785","askp_rsqn4":"10464","askp_rsqn5":"5079","askp_rsqn6":"2543","askp_rsqn7":"77","askp_rsqn8":"452","askp_rsqn9":"55","askp_rsqn10":"2236","bidp_rsqn1":"3022","bidp_rsqn2":"9376","bidp_rsqn3":"24717","bidp_rsqn4":"9701","bidp_rsqn5":"14216","bidp_rsqn6":"6828","bidp_rsqn7":"21565","bidp_rsqn8":"14081","bidp_rsqn9":"16321","bidp_rsqn10":"14238","askp_rsqn_icdc1":"3623","askp_rsqn_icdc2":"5478","askp_rsqn_icdc3":"-6912","askp_rsqn_icdc4":"2500","askp_rsqn_icdc5":"-2500","askp_rsqn_icdc6":"-2500","askp_rsqn_icdc7":"-2500","askp_rsqn_icdc8":"0","askp_rsqn_icdc9":"0","askp_rsqn_icdc10":"0","bidp_rsqn_icdc1":"-6376","bidp_rsqn_icdc2":"-7670","bidp_rsqn_icdc3":"10170","bidp_rsqn_icdc4":"-7500","bidp_rsqn_icdc5":"5400","bidp_rsqn_icdc6":"-10000","bidp_rsqn_icdc7":"2500","bidp_rsqn_icdc8":"-2500","bidp_rsqn_icdc9":"2500","bidp_rsqn_icdc10":"2500","total_askp_rsqn":"49116","total_bidp_rsqn":"134065","total_askp_rsqn_icdc":"-2873","total_bidp_rsqn_icdc":"-10976","ovtm_total_askp_icdc":"0","ovtm_total_bidp_icdc":"0","ovtm_total_askp_rsqn":"0","ovtm_total_bidp_rsqn":"0","ntby_aspr_rsqn":"84949","new_mkop_cls_code":"20"},"output2":{"antc_mkop_cls_code":"112","stck_prpr":"53855","stck_oprc":"53620","stck_hgpr":"54750","stck_lwpr":"53450","stck_sdpr":"54425","antc_cnpr":"53620","antc_cntg_vrss_sign":"5","antc_cntg_vrss":"-805","antc_cntg_prdy_ctrt":"-1.48","antc_vol":"59731","stck_shrn_iscd":"069500","vi_cls_code":"N"},"rt_cd":"0","msg_cd":"MCA00000","msg1":"정상처리 되었습니다."}
Response JSON: {'output1': {'aspr_acpt_hour': '145116', 'askp1': '53855', 'askp2': '53860', 'askp3': '53865', 'askp4': '53870', 'askp5': '53875', 'askp6': '53880', 'askp7': '53885', 'askp8': '53890', 'askp9': '53895', 'askp10': '53900', 'bidp1': '53850', 'bidp2': '53845', 'bidp3': '53840', 'bidp4': '53835', 'bidp5': '53830', 'bidp6': '53825', 'bidp7': '53820', 'bidp8': '53815', 'bidp9': '53810', 'bidp10': '53805', 'askp_rsqn1': '3623', 'askp_rsqn2': '14802', 'askp_rsqn3': '9785', 'askp_rsqn4': '10464', 'askp_rsqn5': '5079', 'askp_rsqn6': '2543', 'askp_rsqn7': '77', 'askp_rsqn8': '452', 'askp_rsqn9': '55', 'askp_rsqn10': '2236', 'bidp_rsqn1': '3022', 'bidp_rsqn2': '9376', 'bidp_rsqn3': '24717', 'bidp_rsqn4': '9701', 'bidp_rsqn5': '14216', 'bidp_rsqn6': '6828', 'bidp_rsqn7': '21565', 'bidp_rsqn8': '14081', 'bidp_rsqn9': '16321', 'bidp_rsqn10': '14238', 'askp_rsqn_icdc1': '3623', 'askp_rsqn_icdc2': '5478', 'askp_rsqn_icdc3': '-6912', 'askp_rsqn_icdc4': '2500', 'askp_rsqn_icdc5': '-2500', 'askp_rsqn_icdc6': '-2500', 'askp_rsqn_icdc7': '-2500', 'askp_rsqn_icdc8': '0', 'askp_rsqn_icdc9': '0', 'askp_rsqn_icdc10': '0', 'bidp_rsqn_icdc1': '-6376', 'bidp_rsqn_icdc2': '-7670', 'bidp_rsqn_icdc3': '10170', 'bidp_rsqn_icdc4': '-7500', 'bidp_rsqn_icdc5': '5400', 'bidp_rsqn_icdc6': '-10000', 'bidp_rsqn_icdc7': '2500', 'bidp_rsqn_icdc8': '-2500', 'bidp_rsqn_icdc9': '2500', 'bidp_rsqn_icdc10': '2500', 'total_askp_rsqn': '49116', 'total_bidp_rsqn': '134065', 'total_askp_rsqn_icdc': '-2873', 'total_bidp_rsqn_icdc': '-10976', 'ovtm_total_askp_icdc': '0', 'ovtm_total_bidp_icdc': '0', 'ovtm_total_askp_rsqn': '0', 'ovtm_total_bidp_rsqn': '0', 'ntby_aspr_rsqn': '84949', 'new_mkop_cls_code': '20'}, 'output2': {'antc_mkop_cls_code': '112', 'stck_prpr': '53855', 'stck_oprc': '53620', 'stck_hgpr': '54750', 'stck_lwpr': '53450', 'stck_sdpr': '54425', 'antc_cnpr': '53620', 'antc_cntg_vrss_sign': '5', 'antc_cntg_vrss': '-805', 'antc_cntg_prdy_ctrt': '-1.48', 'antc_vol': '59731', 'stck_shrn_iscd': '069500', 'vi_cls_code': 'N'}, 'rt_cd': '0', 'msg_cd': 'MCA00000', 'msg1': '정상처리 되었습니다.'}
output1: {'aspr_acpt_hour': '145116', 'askp1': '53855', 'askp2': '53860', 'askp3': '53865', 'askp4': '53870', 'askp5': '53875', 'askp6': '53880', 'askp7': '53885', 'askp8': '53890', 'askp9': '53895', 'askp10': '53900', 'bidp1': '53850', 'bidp2': '53845', 'bidp3': '53840', 'bidp4': '53835', 'bidp5': '53830', 'bidp6': '53825', 'bidp7': '53820', 'bidp8': '53815', 'bidp9': '53810', 'bidp10': '53805', 'askp_rsqn1': '3623', 'askp_rsqn2': '14802', 'askp_rsqn3': '9785', 'askp_rsqn4': '10464', 'askp_rsqn5': '5079', 'askp_rsqn6': '2543', 'askp_rsqn7': '77', 'askp_rsqn8': '452', 'askp_rsqn9': '55', 'askp_rsqn10': '2236', 'bidp_rsqn1': '3022', 'bidp_rsqn2': '9376', 'bidp_rsqn3': '24717', 'bidp_rsqn4': '9701', 'bidp_rsqn5': '14216', 'bidp_rsqn6': '6828', 'bidp_rsqn7': '21565', 'bidp_rsqn8': '14081', 'bidp_rsqn9': '16321', 'bidp_rsqn10': '14238', 'askp_rsqn_icdc1': '3623', 'askp_rsqn_icdc2': '5478', 'askp_rsqn_icdc3': '-6912', 'askp_rsqn_icdc4': '2500', 'askp_rsqn_icdc5': '-2500', 'askp_rsqn_icdc6': '-2500', 'askp_rsqn_icdc7': '-2500', 'askp_rsqn_icdc8': '0', 'askp_rsqn_icdc9': '0', 'askp_rsqn_icdc10': '0', 'bidp_rsqn_icdc1': '-6376', 'bidp_rsqn_icdc2': '-7670', 'bidp_rsqn_icdc3': '10170', 'bidp_rsqn_icdc4': '-7500', 'bidp_rsqn_icdc5': '5400', 'bidp_rsqn_icdc6': '-10000', 'bidp_rsqn_icdc7': '2500', 'bidp_rsqn_icdc8': '-2500', 'bidp_rsqn_icdc9': '2500', 'bidp_rsqn_icdc10': '2500', 'total_askp_rsqn': '49116', 'total_bidp_rsqn': '134065', 'total_askp_rsqn_icdc': '-2873', 'total_bidp_rsqn_icdc': '-10976', 'ovtm_total_askp_icdc': '0', 'ovtm_total_bidp_icdc': '0', 'ovtm_total_askp_rsqn': '0', 'ovtm_total_bidp_rsqn': '0', 'ntby_aspr_rsqn': '84949', 'new_mkop_cls_code': '20'}
Returning result: {'Status': '2'}
=== MarketStatus Debug Info ===
market type: <class 'dict'>
market value: {'Status': '2'}
market repr: {'Status': '2'}
{'Status': '2'}
=== End MarketStatus Debug Info ===
'20251023'
Market is Open!!!!
---> CTX_AREA_FK100:  43150882^01^N^N^01^01^N^
한투 데이터 마지막 날짜: 2025-10-23
----First try----

----Second try----
web.DataReader 마지막 날짜: 2025-10-23
web.DataReader 데이터를 잘 가져옴
--- 110
한투 데이터 마지막 날짜: 2025-10-23
----First try----
FDR 마지막 날짜: 2025-10-23
FDR 데이터를 잘 가져옴
--- 338
한투 데이터 마지막 날짜: 2025-10-23
----First try----
FDR 마지막 날짜: 2025-10-23
FDR 데이터를 잘 가져옴
--- 338
한투 데이터 마지막 날짜: 2025-10-23
----First try----
FDR 마지막 날짜: 2025-10-23
FDR 데이터를 잘 가져옴
--- 338
한투 데이터 마지막 날짜: 2025-10-23
----First try----
FDR 마지막 날짜: 2025-10-23
FDR 데이터를 잘 가져옴
--- 338
한투 데이터 마지막 날짜: 2025-10-23
----First try----
FDR 마지막 날짜: 2025-10-23
FDR 데이터를 잘 가져옴
--- 338
한투 데이터 마지막 날짜: 2025-10-23
----First try----
FDR 마지막 날짜: 2025-10-23
FDR 데이터를 잘 가져옴
--- 338
한투 데이터 마지막 날짜: 2025-10-23
----First try----
FDR 마지막 날짜: 2025-10-23
FDR 데이터를 잘 가져옴
--- 338
한투 데이터 마지막 날짜: 2025-10-23
----First try----
FDR 마지막 날짜: 2025-10-23
FDR 데이터를 잘 가져옴
--- 338
한투 데이터 마지막 날짜: 2025-10-23
----First try----
FDR 마지막 날짜: 2025-10-23
FDR 데이터를 잘 가져옴
--- 338
한투 데이터 마지막 날짜: 2025-10-23
----First try----
FDR 마지막 날짜: 2025-10-23
FDR 데이터를 잘 가져옴
--- 338
한투 데이터 마지막 날짜: 2025-10-23
----First try----
FDR 마지막 날짜: 2025-10-23
FDR 데이터를 잘 가져옴
--- 338
한투 데이터 마지막 날짜: 2025-10-23
----First try----
FDR 마지막 날짜: 2025-10-23
FDR 데이터를 잘 가져옴
--- 338
한투 데이터 마지막 날짜: 2025-10-23
----First try----
FDR 마지막 날짜: 2025-10-23
FDR 데이터를 잘 가져옴
--- 338
한투 데이터 마지막 날짜: 2025-10-23
----First try----
FDR 마지막 날짜: 2025-10-23
FDR 데이터를 잘 가져옴
--- 338
한투 데이터 마지막 날짜: 2025-10-23
----First try----
FDR 마지막 날짜: 2025-10-23
FDR 데이터를 잘 가져옴
--- 338
✅ [성공] 메시지 전송 완료: MA_Strategy_KR_Bot_v3 시작...
---> CTX_AREA_FK100:  43150882^01^N^N^01^01^N^
---> CTX_AREA_FK100:  43150882^01^N^N^01^01^N^
---> CTX_AREA_FK100:  43150882^01^N^N^01^01^N^
✅ [성공] 메시지 전송 완료: 📊 이동평균자산배분전략_KR
상세 수익 현황 (2025-10-23 14:51:43)
===...

==== [2025-10-23 14:51:06] Run: MA_Strategy_KR_Bot_v3.py ====
CWD: C:\work\GitHub\py\webserver
Python: C:\Users\kook-minipc\AppData\Local\Microsoft\WindowsApps\PythonSoftwareFoundation.Python.3.11_qbz5n2kfra8p0\python.exe

==== Exit code: 0 ====
==== End of run ===
