2025-10-22 12:46:11,520 - INFO - ================================================================================
2025-10-22 12:46:11,520 - INFO - MA DCC Bot - 바이낸스 양방향 전략 (시작)
2025-10-22 12:46:11,520 - INFO - ================================================================================
2025-10-22 12:46:11,532 - INFO - 서버 시간과 동기화를 시도합니다...
2025-10-22 12:46:11,627 - INFO - 서버 시간 동기화 완료: 오프셋 -1446ms
2025-10-22 12:46:11,627 - INFO - 
-- START ------------------------------------------------------------------------------------------

2025-10-22 12:46:11,656 - INFO - 메모리 정리 완료: 0개 객체 수집, 현재 사용량: 119.20 MB
2025-10-22 12:46:13,646 - INFO - balance['USDT'] : {'free': 803.63713932, 'used': 35.99581285, 'total': 841.26744923}
2025-10-22 12:46:13,646 - INFO - 포지션 정보는 바이낸스 API에서 직접 가져옵니다
2025-10-22 12:46:13,646 - INFO - 고정 파라미터 사용: MA_SHORT=20, MA_LONG=50
2025-10-22 12:46:13,646 - INFO - ###################################################################################################
2025-10-22 12:46:13,723 - INFO - 메모리 정리 완료: 0개 객체 수집, 현재 사용량: 227.07 MB
2025-10-22 12:46:13,819 - INFO - {'symbol': 'BTCUSDT', 'leverage': '3', 'maxNotionalValue': '800000000'}
2025-10-22 12:46:13,820 - INFO - 📊 숏 포지션: {'symbol': 'BTCUSDT', 'positionSide': 'SHORT', 'positionAmt': '-0.001', 'unrealizedProfit': '1.26316361', 'isolatedMargin': '37.63030991', 'notional': '-107.98743638', 'isolatedWallet': '36.36714630', 'initialMargin': '35.99581285', 'maintMargin': '0.43194974', 'updateTime': '1761091200128'}
2025-10-22 12:46:13,820 - INFO - 📊 숏 포지션: -0.001, 진입가: 0.00
2025-10-22 12:46:13,820 - INFO - entryPrice_s : 0.0
2025-10-22 12:46:13,820 - INFO - entryPrice_l : 0
2025-10-22 12:46:14,244 - INFO - 📊 현재 신호: 롱=False, 숏=True, RSI=35.2, 추세모드=sideways
2025-10-22 12:46:14,244 - INFO - 🔻 숏 신호 조건: 이평=True, 돈키안=True, RSI=True
2025-10-22 12:46:14,244 - INFO - one_percent_amount : 0.00012
2025-10-22 12:46:14,290 - INFO - first_amount : 0.001
2025-10-22 12:46:14,290 - INFO - 
-- END --------------------------------------------------------------------------------------------

2025-10-22 12:46:14,366 - INFO - 메모리 정리 완료: 0개 객체 수집, 현재 사용량: 227.35 MB
2025-10-22 12:46:14,456 - INFO - 메모리 정리 완료: 33개 객체 수집, 현재 사용량: 227.35 MB
2025-10-22 12:46:14,526 - INFO - === MA DCC Bot 종료 (최종 메모리: 227.35 MB) ===
2025-10-22 12:47:16,358 - INFO - ================================================================================
2025-10-22 12:47:16,358 - INFO - MA DCC Bot - 바이낸스 양방향 전략 (시작)
2025-10-22 12:47:16,359 - INFO - ================================================================================
2025-10-22 12:47:16,374 - INFO - 서버 시간과 동기화를 시도합니다...
2025-10-22 12:47:16,472 - INFO - 서버 시간 동기화 완료: 오프셋 -1442ms
2025-10-22 12:47:16,472 - INFO - 
-- START ------------------------------------------------------------------------------------------

2025-10-22 12:47:16,499 - INFO - 메모리 정리 완료: 0개 객체 수집, 현재 사용량: 119.45 MB
2025-10-22 12:47:18,647 - INFO - balance['USDT'] : {'free': 803.63713932, 'used': 35.99706739, 'total': 841.26368562}
2025-10-22 12:47:18,649 - INFO - 포지션 정보는 바이낸스 API에서 직접 가져옵니다
2025-10-22 12:47:18,649 - INFO - 고정 파라미터 사용: MA_SHORT=20, MA_LONG=50
2025-10-22 12:47:18,649 - INFO - ###################################################################################################
2025-10-22 12:47:18,727 - INFO - 메모리 정리 완료: 0개 객체 수집, 현재 사용량: 227.19 MB
2025-10-22 12:47:18,822 - INFO - {'symbol': 'BTCUSDT', 'leverage': '3', 'maxNotionalValue': '800000000'}
2025-10-22 12:47:18,822 - INFO - 📊 숏 포지션: {'symbol': 'BTCUSDT', 'positionSide': 'SHORT', 'positionAmt': '-0.001', 'unrealizedProfit': '1.25940000', 'isolatedMargin': '37.62654630', 'notional': '-107.99120000', 'isolatedWallet': '36.36714630', 'initialMargin': '35.99706739', 'maintMargin': '0.43196480', 'updateTime': '1761091200128'}
2025-10-22 12:47:18,822 - INFO - 📊 숏 포지션: -0.001, 진입가: 0.00
2025-10-22 12:47:18,824 - INFO - entryPrice_s : 0.0
2025-10-22 12:47:18,824 - INFO - entryPrice_l : 0
2025-10-22 12:47:19,283 - INFO - 📊 현재 신호: 롱=False, 숏=True, RSI=35.3, 추세모드=sideways
2025-10-22 12:47:19,283 - INFO - 🔻 숏 신호 조건: 이평=True, 돈키안=True, RSI=True
2025-10-22 12:47:19,283 - INFO - one_percent_amount : 0.00012
2025-10-22 12:47:19,332 - INFO - first_amount : 0.001
2025-10-22 12:47:19,332 - INFO - 
-- END --------------------------------------------------------------------------------------------

2025-10-22 12:47:19,418 - INFO - 메모리 정리 완료: 0개 객체 수집, 현재 사용량: 227.62 MB
2025-10-22 12:47:19,500 - INFO - 메모리 정리 완료: 33개 객체 수집, 현재 사용량: 227.62 MB
2025-10-22 12:47:19,571 - INFO - === MA DCC Bot 종료 (최종 메모리: 227.62 MB) ===
2025-10-22 12:48:21,441 - INFO - ================================================================================
2025-10-22 12:48:21,443 - INFO - MA DCC Bot - 바이낸스 양방향 전략 (시작)
2025-10-22 12:48:21,443 - INFO - ================================================================================
2025-10-22 12:48:21,454 - INFO - 서버 시간과 동기화를 시도합니다...
2025-10-22 12:48:21,547 - INFO - 서버 시간 동기화 완료: 오프셋 -1442ms
2025-10-22 12:48:21,547 - INFO - 
-- START ------------------------------------------------------------------------------------------

2025-10-22 12:48:21,580 - INFO - 메모리 정리 완료: 0개 객체 수집, 현재 사용량: 118.99 MB
2025-10-22 12:48:23,760 - INFO - balance['USDT'] : {'free': 803.63713932, 'used': 35.98916739, 'total': 841.28738562}
2025-10-22 12:48:23,760 - INFO - 포지션 정보는 바이낸스 API에서 직접 가져옵니다
2025-10-22 12:48:23,760 - INFO - 고정 파라미터 사용: MA_SHORT=20, MA_LONG=50
2025-10-22 12:48:23,760 - INFO - ###################################################################################################
2025-10-22 12:48:23,843 - INFO - 메모리 정리 완료: 0개 객체 수집, 현재 사용량: 225.81 MB
2025-10-22 12:48:23,940 - INFO - {'symbol': 'BTCUSDT', 'leverage': '3', 'maxNotionalValue': '800000000'}
2025-10-22 12:48:23,940 - INFO - 📊 숏 포지션: {'symbol': 'BTCUSDT', 'positionSide': 'SHORT', 'positionAmt': '-0.001', 'unrealizedProfit': '1.28310000', 'isolatedMargin': '37.65024630', 'notional': '-107.96750000', 'isolatedWallet': '36.36714630', 'initialMargin': '35.98916739', 'maintMargin': '0.43187000', 'updateTime': '1761091200128'}
2025-10-22 12:48:23,940 - INFO - 📊 숏 포지션: -0.001, 진입가: 0.00
2025-10-22 12:48:23,940 - INFO - entryPrice_s : 0.0
2025-10-22 12:48:23,940 - INFO - entryPrice_l : 0
2025-10-22 12:48:24,367 - INFO - 📊 현재 신호: 롱=False, 숏=True, RSI=35.0, 추세모드=sideways
2025-10-22 12:48:24,367 - INFO - 🔻 숏 신호 조건: 이평=True, 돈키안=True, RSI=True
2025-10-22 12:48:24,367 - INFO - one_percent_amount : 0.00012
2025-10-22 12:48:24,418 - INFO - first_amount : 0.001
2025-10-22 12:48:24,418 - INFO - 
-- END --------------------------------------------------------------------------------------------

2025-10-22 12:48:24,498 - INFO - 메모리 정리 완료: 0개 객체 수집, 현재 사용량: 227.50 MB
2025-10-22 12:48:24,582 - INFO - 메모리 정리 완료: 33개 객체 수집, 현재 사용량: 227.50 MB
2025-10-22 12:48:24,652 - INFO - === MA DCC Bot 종료 (최종 메모리: 227.50 MB) ===
2025-10-22 12:49:26,573 - INFO - ================================================================================
2025-10-22 12:49:26,573 - INFO - MA DCC Bot - 바이낸스 양방향 전략 (시작)
2025-10-22 12:49:26,573 - INFO - ================================================================================
2025-10-22 12:49:26,590 - INFO - 서버 시간과 동기화를 시도합니다...
2025-10-22 12:49:26,692 - INFO - 서버 시간 동기화 완료: 오프셋 -1436ms
2025-10-22 12:49:26,692 - INFO - 
-- START ------------------------------------------------------------------------------------------

2025-10-22 12:49:26,726 - INFO - 메모리 정리 완료: 0개 객체 수집, 현재 사용량: 119.39 MB
2025-10-22 12:49:28,886 - INFO - balance['USDT'] : {'free': 803.63713932, 'used': 36.00260889, 'total': 841.24706113}
2025-10-22 12:49:28,886 - INFO - 포지션 정보는 바이낸스 API에서 직접 가져옵니다
2025-10-22 12:49:28,886 - INFO - 고정 파라미터 사용: MA_SHORT=20, MA_LONG=50
2025-10-22 12:49:28,886 - INFO - ###################################################################################################
2025-10-22 12:49:28,968 - INFO - 메모리 정리 완료: 0개 객체 수집, 현재 사용량: 225.93 MB
2025-10-22 12:49:29,065 - INFO - {'symbol': 'BTCUSDT', 'leverage': '3', 'maxNotionalValue': '800000000'}
2025-10-22 12:49:29,065 - INFO - 📊 숏 포지션: {'symbol': 'BTCUSDT', 'positionSide': 'SHORT', 'positionAmt': '-0.001', 'unrealizedProfit': '1.24277551', 'isolatedMargin': '37.60992181', 'notional': '-108.00782448', 'isolatedWallet': '36.36714630', 'initialMargin': '36.00260889', 'maintMargin': '0.43203129', 'updateTime': '1761091200128'}
2025-10-22 12:49:29,065 - INFO - 📊 숏 포지션: -0.001, 진입가: 0.00
2025-10-22 12:49:29,065 - INFO - entryPrice_s : 0.0
2025-10-22 12:49:29,065 - INFO - entryPrice_l : 0
2025-10-22 12:49:29,489 - INFO - 📊 현재 신호: 롱=False, 숏=True, RSI=35.5, 추세모드=sideways
2025-10-22 12:49:29,489 - INFO - 🔻 숏 신호 조건: 이평=True, 돈키안=True, RSI=True
2025-10-22 12:49:29,489 - INFO - one_percent_amount : 0.00012
2025-10-22 12:49:29,533 - INFO - first_amount : 0.001
2025-10-22 12:49:29,535 - INFO - 
-- END --------------------------------------------------------------------------------------------

2025-10-22 12:49:29,609 - INFO - 메모리 정리 완료: 0개 객체 수집, 현재 사용량: 227.57 MB
2025-10-22 12:49:29,686 - INFO - 메모리 정리 완료: 33개 객체 수집, 현재 사용량: 227.57 MB
2025-10-22 12:49:29,758 - INFO - === MA DCC Bot 종료 (최종 메모리: 227.57 MB) ===
2025-10-22 12:50:31,601 - INFO - ================================================================================
2025-10-22 12:50:31,601 - INFO - MA DCC Bot - 바이낸스 양방향 전략 (시작)
2025-10-22 12:50:31,602 - INFO - ================================================================================
2025-10-22 12:50:31,616 - INFO - 서버 시간과 동기화를 시도합니다...
2025-10-22 12:50:31,715 - INFO - 서버 시간 동기화 완료: 오프셋 -1436ms
2025-10-22 12:50:31,715 - INFO - 
-- START ------------------------------------------------------------------------------------------

2025-10-22 12:50:31,753 - INFO - 메모리 정리 완료: 0개 객체 수집, 현재 사용량: 119.22 MB
2025-10-22 12:50:33,839 - INFO - balance['USDT'] : {'free': 803.63713932, 'used': 36.01333406, 'total': 841.21488562}
2025-10-22 12:50:33,839 - INFO - 포지션 정보는 바이낸스 API에서 직접 가져옵니다
2025-10-22 12:50:33,839 - INFO - 고정 파라미터 사용: MA_SHORT=20, MA_LONG=50
2025-10-22 12:50:33,839 - INFO - ###################################################################################################
2025-10-22 12:50:33,947 - INFO - 메모리 정리 완료: 0개 객체 수집, 현재 사용량: 227.08 MB
2025-10-22 12:50:34,047 - INFO - {'symbol': 'BTCUSDT', 'leverage': '3', 'maxNotionalValue': '800000000'}
2025-10-22 12:50:34,047 - INFO - 📊 숏 포지션: {'symbol': 'BTCUSDT', 'positionSide': 'SHORT', 'positionAmt': '-0.001', 'unrealizedProfit': '1.21060000', 'isolatedMargin': '37.57774630', 'notional': '-108.04000000', 'isolatedWallet': '36.36714630', 'initialMargin': '36.01333406', 'maintMargin': '0.43216000', 'updateTime': '1761091200128'}
2025-10-22 12:50:34,047 - INFO - 📊 숏 포지션: -0.001, 진입가: 0.00
2025-10-22 12:50:34,047 - INFO - entryPrice_s : 0.0
2025-10-22 12:50:34,047 - INFO - entryPrice_l : 0
2025-10-22 12:50:34,470 - INFO - 📊 현재 신호: 롱=False, 숏=True, RSI=36.3, 추세모드=sideways
2025-10-22 12:50:34,470 - INFO - 🔻 숏 신호 조건: 이평=True, 돈키안=True, RSI=True
2025-10-22 12:50:34,470 - INFO - one_percent_amount : 0.00012
2025-10-22 12:50:34,516 - INFO - first_amount : 0.001
2025-10-22 12:50:34,516 - INFO - 
-- END --------------------------------------------------------------------------------------------

2025-10-22 12:50:34,613 - INFO - 메모리 정리 완료: 0개 객체 수집, 현재 사용량: 227.33 MB
2025-10-22 12:50:34,722 - INFO - 메모리 정리 완료: 33개 객체 수집, 현재 사용량: 227.34 MB
2025-10-22 12:50:34,812 - INFO - === MA DCC Bot 종료 (최종 메모리: 227.34 MB) ===
