2025-09-04 07:42:42,895 - INFO - 날짜 2025-09-04 : 장이 닫혀있습니다.
2025-09-04 10:33:28,120 - INFO - 날짜 2025-09-04 : 장이 열려있습니다.
2025-09-04 10:33:29,066 - WARNING - 설정 파일이 없어 기본값으로 실행합니다: c:\work\GitHub\py\kook\kis_live\ETFStrength_config.json
2025-09-04 10:33:29,382 - INFO - 총 평가금액: 16,695,944원, 전략2 할당: 3,339,189원 (20.0%)
2025-09-04 10:33:29,574 - INFO - 대상 없음(target_sides 설정 확인). 종료합니다.
2025-09-04 11:19:05,587 - INFO - 날짜 2025-09-04 : 장이 열려있습니다.
2025-09-04 11:19:06,488 - WARNING - 설정 파일이 없어 기본값으로 실행합니다: c:\work\GitHub\py\kook\kis_live\ETFStrength_config.json
2025-09-04 11:19:06,811 - INFO - 총 평가금액: 16,695,944원, 전략2 할당: 3,339,189원 (20.0%)
2025-09-04 11:19:07,016 - INFO - 대상 없음(target_sides 설정 확인). 종료합니다.
2025-09-08 15:03:46,333 - INFO - 날짜 2025-09-08 : 장이 닫혀있습니다.
2025-09-08 15:18:42,220 - INFO - 날짜 2025-09-08 : 장이 열려있습니다.
2025-09-08 15:18:42,462 - WARNING - 설정 파일이 없어 기본값으로 실행합니다: c:\work\GitHub\py\kook\kis_live\ETFStrength_config.json
2025-09-08 15:18:42,701 - INFO - 총 평가금액: 16,729,199원, 전략2 할당: 3,345,840원 (20.0%)
2025-09-08 15:18:42,836 - INFO - 대상 없음(target_sides 설정 확인). 종료합니다.
2025-09-09 14:55:06,734 - INFO - 날짜 2025-09-09 : 장이 열려있습니다.
2025-09-09 14:55:06,738 - WARNING - 설정 파일이 없어 기본값으로 실행합니다: C:\work\GitHub\py\kook\kis_live\ETFStrength_config.json
2025-09-09 14:55:06,738 - INFO - 총 평가금액: 16,727,589원, 전략2 할당: 3,345,518원 (20.0%)
2025-09-09 14:55:07,054 - INFO - 대상 없음(target_sides 설정 확인). 종료합니다.
2025-09-10 14:55:21,600 - INFO - 날짜 2025-09-10 : 장이 열려있습니다.
2025-09-10 14:55:21,614 - INFO - 총 평가금액: 16,751,096원, 전략2 할당: 3,350,219원 (20.0%)
2025-09-10 14:55:21,871 - INFO - 대상 없음(target_sides 설정 확인). 종료합니다.
2025-09-11 14:55:24,969 - INFO - 날짜 2025-09-11 : 장이 열려있습니다.
2025-09-11 14:55:24,972 - INFO - 총 평가금액: 16,756,611원, 전략2 할당: 3,351,322원 (20.0%)
2025-09-11 14:55:25,146 - INFO - 대상 없음(target_sides 설정 확인). 종료합니다.
2025-09-11 19:11:01,672 - INFO - 날짜 2025-09-11 : 장이 닫혀있습니다.
2025-09-12 14:55:52,329 - INFO - 날짜 2025-09-12 : 장이 열려있습니다.
2025-09-12 14:55:52,329 - INFO - 총 평가금액: 16,877,834원, 전략2 할당: 3,375,567원 (20.0%)
2025-09-15 14:55:40,011 - INFO - 날짜 2025-09-15 : 장이 열려있습니다.
2025-09-15 14:55:40,016 - INFO - 총 평가금액: 16,969,904원, 전략2 할당: 3,393,981원 (20.0%)
2025-09-15 14:55:40,235 - INFO - 대상 없음(target_sides 설정 확인). 종료합니다.
2025-09-16 14:55:48,458 - INFO - 날짜 2025-09-16 : 장이 열려있습니다.
2025-09-16 14:55:48,463 - INFO - 총 평가금액: 17,038,703원, 전략2 할당: 3,407,741원 (20.0%)
2025-09-16 14:55:48,643 - INFO - 대상 없음(target_sides 설정 확인). 종료합니다.
2025-09-17 14:56:03,770 - INFO - 날짜 2025-09-17 : 장이 열려있습니다.
2025-09-17 14:56:03,770 - INFO - 총 평가금액: 16,924,448원, 전략2 할당: 3,384,890원 (20.0%)
2025-09-17 14:56:03,940 - INFO - 대상 없음(target_sides 설정 확인). 종료합니다.
2025-09-18 14:55:46,578 - INFO - 날짜 2025-09-18 : 장이 열려있습니다.
2025-09-18 14:55:46,578 - INFO - 총 평가금액: 17,051,038원, 전략2 할당: 3,410,208원 (20.0%)
2025-09-18 14:55:47,217 - INFO - [ETFStrength] 포지션 동기화 완료:
2025-09-18 14:55:47,217 - INFO -   - 부분 체결: 122630 KODEX 레버리지 (JSON: 117주@28,760원 → 실제: 117주@28,480원)
2025-09-18 14:55:47,440 - INFO - 대상 없음(target_sides 설정 확인). 종료합니다.
2025-09-19 14:55:24,411 - INFO - 날짜 2025-09-19 : 장이 열려있습니다.
2025-09-19 14:55:24,419 - INFO - 총 평가금액: 17,131,833원, 전략2 할당: 3,426,367원 (20.0%)
2025-09-19 14:55:25,024 - INFO - [ETFStrength] 포지션 동기화: 변경사항 없음
2025-09-19 14:55:25,245 - INFO - 대상 없음(target_sides 설정 확인). 종료합니다.
2025-09-22 14:55:16,778 - INFO - 날짜 2025-09-22 : 장이 열려있습니다.
2025-09-22 14:55:16,791 - INFO - 총 평가금액: 17,274,222원, 전략2 할당: 3,454,844원 (20.0%)
2025-09-22 14:55:17,342 - INFO - [ETFStrength] 포지션 동기화: 변경사항 없음
2025-09-22 14:55:17,572 - INFO - 대상 없음(target_sides 설정 확인). 종료합니다.
2025-09-23 14:55:57,522 - INFO - 날짜 2025-09-23 : 장이 열려있습니다.
2025-09-23 14:55:57,524 - INFO - 총 평가금액: 17,384,713원, 전략2 할당: 3,476,943원 (20.0%)
2025-09-23 14:55:58,107 - INFO - [ETFStrength] 포지션 동기화: 변경사항 없음
2025-09-23 14:55:58,261 - INFO - 대상 없음(target_sides 설정 확인). 종료합니다.
2025-09-24 14:55:35,472 - INFO - 날짜 2025-09-24 : 장이 열려있습니다.
2025-09-24 14:55:35,482 - INFO - 총 평가금액: 17,293,864원, 전략2 할당: 3,458,773원 (20.0%)
2025-09-24 14:55:36,095 - INFO - [ETFStrength] 포지션 동기화: 변경사항 없음
2025-09-24 14:55:36,443 - INFO - 대상 없음(target_sides 설정 확인). 종료합니다.
2025-09-25 14:55:36,477 - INFO - 날짜 2025-09-25 : 장이 열려있습니다.
2025-09-25 14:55:36,477 - INFO - 총 평가금액: 17,168,360원, 전략2 할당: 1,716,836원 (10.0%)
2025-09-25 14:55:37,083 - INFO - [ETFStrength] 포지션 동기화: 변경사항 없음
2025-09-25 14:55:37,264 - INFO - 대상 없음(target_sides 설정 확인). 종료합니다.
2025-09-26 13:36:52,873 - INFO - 날짜 2025-09-26 : 장이 열려있습니다.
2025-09-26 13:36:52,873 - INFO - 총 평가금액: 16,770,935원, 전략2 할당: 1,677,094원 (10.0%)
2025-09-26 13:36:53,468 - INFO - [ETFStrength] 포지션 동기화: 변경사항 없음
2025-09-26 13:36:53,638 - INFO - 대상 없음(target_sides 설정 확인). 종료합니다.
2025-10-15 10:57:35,445 - INFO - 날짜 2025-10-15 : 장이 열려있습니다.
2025-10-15 10:57:35,453 - INFO - 총 평가금액: 16,921,106원, 전략2 할당: 846,055원 (5.0%)
2025-10-15 10:57:35,965 - INFO - [ETFStrength] 포지션 동기화 완료:
2025-10-15 10:57:35,965 - INFO -   - 매도 완료: 122630 KODEX 레버리지 (JSON: 117주)
2025-10-15 10:57:36,224 - INFO - 대상 없음(target_sides 설정 확인). 종료합니다.
2025-10-15 14:55:23,995 - INFO - 날짜 2025-10-15 : 장이 열려있습니다.
2025-10-15 14:55:23,995 - INFO - 총 평가금액: 16,956,091원, 전략2 할당: 847,805원 (5.0%)
2025-10-15 14:55:24,580 - INFO - [ETFStrength] 포지션 동기화: 변경사항 없음
2025-10-15 14:55:24,768 - INFO - 대상 없음(target_sides 설정 확인). 종료합니다.
2025-10-16 14:55:16,023 - INFO - 날짜 2025-10-16 : 장이 열려있습니다.
2025-10-16 14:55:16,023 - INFO - 총 평가금액: 17,006,691원, 전략2 할당: 850,335원 (5.0%)
2025-10-16 14:55:16,649 - INFO - [ETFStrength] 포지션 동기화: 변경사항 없음
2025-10-16 14:55:16,883 - INFO - 대상 없음(target_sides 설정 확인). 종료합니다.
2025-10-17 14:55:44,606 - INFO - 날짜 2025-10-17 : 장이 열려있습니다.
2025-10-17 14:55:44,613 - INFO - 총 평가금액: 17,008,064원, 전략2 할당: 850,403원 (5.0%)
2025-10-17 14:55:45,215 - INFO - [ETFStrength] 포지션 동기화: 변경사항 없음
2025-10-17 14:55:45,443 - INFO - 대상 없음(target_sides 설정 확인). 종료합니다.
