2025-09-09 15:00:23,741 - INFO - 날짜 2025-09-09 : 장이 열려있습니다.
2025-09-09 15:00:23,741 - WARNING - 설정 파일이 없어 기본값으로 실행합니다: C:\work\GitHub\py\kook\kis_live\KOSPIDrawdown_config.json
2025-09-09 15:00:23,741 - INFO - 총 평가금액: 16,727,739원, 전략3 할당: 3,345,548원 (20.0%)
2025-09-09 15:00:23,901 - INFO - "None of [Index(['TRD_DD', 'OPNPRC_IDX', 'HGPRC_IDX', 'LWPRC_IDX', 'CLSPRC_IDX',\n       'ACC_TRDVOL', 'ACC_TRDVAL', 'MKTCAP'],\n      dtype='object')] are in the [columns]"
2025-09-09 15:00:32,782 - WARNING - KOSPI 지수 조회 실패(pykrx): 'KOSPI'
2025-09-09 15:00:32,782 - WARNING - KOSPI 데이터 부족으로 오늘은 트리거 판단을 건너뜁니다.
2025-09-09 15:21:45,174 - INFO - 날짜 2025-09-09 : 장이 열려있습니다.
2025-09-09 15:21:45,174 - WARNING - 설정 파일이 없어 기본값으로 실행합니다: c:\work\GitHub\py\kook\kis_live\KOSPIDrawdown_config.json
2025-09-09 15:21:45,174 - INFO - 총 평가금액: 16,725,966원, 전략3 할당: 3,345,193원 (20.0%)
2025-09-09 15:21:50,607 - INFO - KOSPI 1Y High=3,254.86 (2025-09-09), Current=3,254.86 (+0.00%)
2025-09-09 15:23:29,411 - INFO - 날짜 2025-09-09 : 장이 열려있습니다.
2025-09-09 15:23:29,411 - WARNING - 설정 파일이 없어 기본값으로 실행합니다: c:\work\GitHub\py\kook\kis_live\KOSPIDrawdown_config.json
2025-09-09 15:23:29,411 - INFO - 총 평가금액: 16,725,966원, 전략3 할당: 3,345,193원 (20.0%)
2025-09-09 15:23:34,712 - INFO - KOSPI 1Y High=3,256.63 (2025-09-09), Current=3,256.63 (+0.00%)
2025-09-09 15:29:48,428 - INFO - 날짜 2025-09-09 : 장이 열려있습니다.
2025-09-09 15:29:48,429 - WARNING - 설정 파일이 없어 기본값으로 실행합니다: c:\work\GitHub\py\kook\kis_live\KOSPIDrawdown_config.json
2025-09-09 15:29:48,429 - INFO - 총 평가금액: 16,725,966원, 전략3 할당: 3,345,193원 (20.0%)
2025-09-09 15:29:54,548 - INFO - KOSPI 1Y High=3,255.67 (2025-09-09), Current=3,255.67 (+0.00%)
2025-09-10 15:00:37,859 - INFO - 날짜 2025-09-10 : 장이 열려있습니다.
2025-09-10 15:00:37,859 - WARNING - 설정 파일이 없어 기본값으로 실행합니다: C:\work\GitHub\py\kook\kis_live\KOSPIDrawdown_config.json
2025-09-10 15:00:37,859 - INFO - 총 평가금액: 16,750,866원, 전략3 할당: 3,350,173원 (20.0%)
2025-09-10 15:00:47,546 - INFO - KOSPI 1Y High=3,316.70 (2025-09-10), Current=3,316.70 (+0.00%)
2025-09-11 15:00:42,877 - INFO - 날짜 2025-09-11 : 장이 열려있습니다.
2025-09-11 15:00:42,877 - WARNING - 설정 파일이 없어 기본값으로 실행합니다: C:\work\GitHub\py\kook\kis_live\KOSPIDrawdown_config.json
2025-09-11 15:00:42,879 - INFO - 총 평가금액: 16,757,156원, 전략3 할당: 3,351,431원 (20.0%)
2025-09-11 15:00:49,775 - INFO - KOSPI 1Y High=3,331.08 (2025-09-11), Current=3,331.08 (+0.00%)
2025-09-12 15:00:48,040 - INFO - 날짜 2025-09-12 : 장이 열려있습니다.
2025-09-12 15:00:48,040 - WARNING - 설정 파일이 없어 기본값으로 실행합니다: C:\work\GitHub\py\kook\kis\KOSPIDrawdown_config.json
2025-09-12 15:00:48,040 - INFO - 총 평가금액: 16,874,579원, 전략3 할당: 3,374,916원 (20.0%)
2025-09-12 15:00:54,889 - INFO - KOSPI 1Y High=3,388.64 (2025-09-12), Current=3,388.64 (+0.00%)
2025-09-15 15:00:18,011 - INFO - 날짜 2025-09-15 : 장이 열려있습니다.
2025-09-15 15:00:18,016 - INFO - 총 평가금액: 16,970,789원, 전략3 할당: 3,394,158원 (20.0%)
2025-09-15 15:00:32,861 - INFO - KOSPI 1Y High=3,407.25 (2025-09-15), Current=3,407.25 (+0.00%)
2025-09-15 15:00:34,135 - INFO - 메모리 정리 완료: 560개 객체 수집, 현재 사용량: 163.33 MB
2025-09-16 15:00:58,280 - INFO - 날짜 2025-09-16 : 장이 열려있습니다.
2025-09-16 15:00:58,285 - INFO - 총 평가금액: 17,037,283원, 전략3 할당: 3,407,457원 (20.0%)
2025-09-16 15:01:05,356 - INFO - KOSPI 1Y High=3,449.21 (2025-09-16), Current=3,449.21 (+0.00%)
2025-09-16 15:01:06,420 - INFO - 메모리 정리 완료: 560개 객체 수집, 현재 사용량: 163.25 MB
2025-09-17 15:00:47,898 - INFO - 날짜 2025-09-17 : 장이 열려있습니다.
2025-09-17 15:00:47,898 - INFO - 총 평가금액: 16,924,448원, 전략3 할당: 3,384,890원 (20.0%)
2025-09-17 15:00:56,685 - INFO - KOSPI 1Y High=3,449.62 (2025-09-16), Current=3,414.33 (-1.02%)
2025-09-17 15:00:57,776 - INFO - 메모리 정리 완료: 560개 객체 수집, 현재 사용량: 163.40 MB
2025-09-18 15:00:14,095 - INFO - 날짜 2025-09-18 : 장이 열려있습니다.
2025-09-18 15:00:14,095 - INFO - 총 평가금액: 17,047,133원, 전략3 할당: 3,409,427원 (20.0%)
2025-09-18 15:00:27,517 - INFO - KOSPI 1Y High=3,454.52 (2025-09-18), Current=3,454.52 (+0.00%)
2025-09-18 15:00:28,817 - INFO - 메모리 정리 완료: 560개 객체 수집, 현재 사용량: 163.33 MB
2025-09-19 15:01:28,001 - INFO - 날짜 2025-09-19 : 장이 열려있습니다.
2025-09-19 15:01:28,011 - INFO - 총 평가금액: 17,135,623원, 전략3 할당: 3,427,125원 (20.0%)
2025-09-19 15:01:35,150 - INFO - KOSPI 1Y High=3,461.30 (2025-09-18), Current=3,437.56 (-0.69%)
2025-09-19 15:01:36,188 - INFO - 메모리 정리 완료: 560개 객체 수집, 현재 사용량: 163.43 MB
2025-09-22 15:01:01,066 - INFO - 날짜 2025-09-22 : 장이 열려있습니다.
2025-09-22 15:01:01,080 - INFO - 총 평가금액: 17,282,882원, 전략3 할당: 3,456,576원 (20.0%)
2025-09-22 15:01:07,659 - INFO - KOSPI 1Y High=3,466.43 (2025-09-22), Current=3,466.43 (+0.00%)
2025-09-22 15:01:08,761 - INFO - 메모리 정리 완료: 560개 객체 수집, 현재 사용량: 163.14 MB
2025-09-23 15:00:19,587 - INFO - 날짜 2025-09-23 : 장이 열려있습니다.
2025-09-23 15:00:19,595 - INFO - 총 평가금액: 17,387,398원, 전략3 할당: 3,477,480원 (20.0%)
2025-09-23 15:00:31,227 - INFO - KOSPI 1Y High=3,489.06 (2025-09-23), Current=3,489.06 (+0.00%)
2025-09-23 15:00:32,553 - INFO - 메모리 정리 완료: 560개 객체 수집, 현재 사용량: 163.32 MB
2025-09-24 15:01:27,553 - INFO - 날짜 2025-09-24 : 장이 열려있습니다.
2025-09-24 15:01:27,562 - INFO - 총 평가금액: 17,296,229원, 전략3 할당: 3,459,246원 (20.0%)
2025-09-24 15:01:34,391 - INFO - KOSPI 1Y High=3,486.19 (2025-09-23), Current=3,467.51 (-0.54%)
2025-09-24 15:01:35,459 - INFO - 메모리 정리 완료: 560개 객체 수집, 현재 사용량: 162.45 MB
2025-09-25 15:01:29,035 - INFO - 날짜 2025-09-25 : 장이 열려있습니다.
2025-09-25 15:01:29,035 - INFO - 총 평가금액: 17,174,045원, 전략3 할당: 1,717,404원 (10.0%)
2025-09-25 15:01:36,208 - INFO - KOSPI 1Y High=3,486.19 (2025-09-23), Current=3,465.58 (-0.59%)
2025-09-25 15:01:37,346 - INFO - 메모리 정리 완료: 560개 객체 수집, 현재 사용량: 163.26 MB
2025-09-27 00:23:28,197 - INFO - [KOSPI하락시2배롱전략](2025-09-27)
주말(토/일)에는 실행하지 않습니다.
2025-09-29 15:00:18,558 - INFO - 날짜 2025-09-29 : 장이 열려있습니다.
2025-09-29 15:00:18,571 - INFO - 총 평가금액: 16,772,094원, 전략3 할당: 1,677,209원 (10.0%)
2025-09-29 15:00:28,392 - INFO - KOSPI 1Y High=3,486.19 (2025-09-23), Current=3,435.87 (-1.44%)
2025-09-29 15:00:29,570 - INFO - 메모리 정리 완료: 527개 객체 수집, 현재 사용량: 163.59 MB
2025-09-30 15:01:15,682 - INFO - 날짜 2025-09-30 : 장이 열려있습니다.
2025-09-30 15:01:15,688 - INFO - 총 평가금액: 16,772,154원, 전략3 할당: 1,677,215원 (10.0%)
2025-09-30 15:01:22,364 - INFO - KOSPI 1Y High=3,486.19 (2025-09-23), Current=3,429.52 (-1.63%)
2025-09-30 15:01:23,447 - INFO - 메모리 정리 완료: 560개 객체 수집, 현재 사용량: 163.71 MB
2025-10-01 15:00:47,968 - INFO - 날짜 2025-10-01 : 장이 열려있습니다.
2025-10-01 15:00:47,971 - INFO - 총 평가금액: 16,772,154원, 전략3 할당: 1,677,215원 (10.0%)
2025-10-01 15:00:54,966 - INFO - KOSPI 1Y High=3,486.19 (2025-09-23), Current=3,453.24 (-0.95%)
2025-10-01 15:00:56,123 - INFO - 메모리 정리 완료: 560개 객체 수집, 현재 사용량: 163.76 MB
2025-10-02 15:00:58,217 - INFO - 날짜 2025-10-02 : 장이 열려있습니다.
2025-10-02 15:00:58,226 - INFO - 총 평가금액: 16,772,154원, 전략3 할당: 1,677,215원 (10.0%)
2025-10-02 15:01:04,303 - INFO - KOSPI 1Y High=3,552.80 (2025-10-02), Current=3,552.80 (+0.00%)
2025-10-02 15:01:05,396 - INFO - 메모리 정리 완료: 527개 객체 수집, 현재 사용량: 163.42 MB
2025-10-03 15:01:06,183 - INFO - 날짜 2025-10-03 : 장이 닫혀있습니다.
2025-10-06 15:00:56,110 - INFO - 날짜 2025-10-06 : 장이 닫혀있습니다.
2025-10-07 15:01:14,536 - INFO - 날짜 2025-10-07 : 장이 닫혀있습니다.
2025-10-08 15:00:32,918 - INFO - 날짜 2025-10-08 : 장이 닫혀있습니다.
2025-10-09 15:00:51,451 - INFO - 날짜 2025-10-09 : 장이 닫혀있습니다.
2025-10-10 15:01:07,668 - INFO - 날짜 2025-10-10 : 장이 열려있습니다.
2025-10-10 15:01:07,678 - INFO - 총 평가금액: 16,772,154원, 전략3 할당: 1,677,215원 (10.0%)
2025-10-10 15:01:14,900 - INFO - KOSPI 1Y High=3,598.37 (2025-10-10), Current=3,598.37 (+0.00%)
2025-10-10 15:01:16,160 - INFO - 메모리 정리 완료: 527개 객체 수집, 현재 사용량: 163.52 MB
2025-10-13 15:00:28,220 - INFO - 날짜 2025-10-13 : 장이 열려있습니다.
2025-10-13 15:00:28,231 - INFO - 총 평가금액: 16,929,465원, 전략3 할당: 1,692,946원 (10.0%)
2025-10-13 15:00:35,916 - INFO - KOSPI 1Y High=3,610.60 (2025-10-10), Current=3,568.84 (-1.16%)
2025-10-13 15:00:37,199 - INFO - 메모리 정리 완료: 527개 객체 수집, 현재 사용량: 163.72 MB
2025-10-14 15:00:52,125 - INFO - 날짜 2025-10-14 : 장이 열려있습니다.
2025-10-14 15:00:52,133 - INFO - 총 평가금액: 16,926,261원, 전략3 할당: 1,692,626원 (10.0%)
2025-10-14 15:01:00,079 - INFO - KOSPI 1Y High=3,610.60 (2025-10-10), Current=3,550.25 (-1.67%)
2025-10-14 15:01:01,294 - INFO - 메모리 정리 완료: 560개 객체 수집, 현재 사용량: 163.62 MB
2025-10-15 15:00:28,345 - INFO - 날짜 2025-10-15 : 장이 열려있습니다.
2025-10-15 15:00:28,345 - INFO - 총 평가금액: 16,954,246원, 전략3 할당: 1,695,425원 (10.0%)
2025-10-15 15:00:38,841 - INFO - KOSPI 1Y High=3,651.90 (2025-10-15), Current=3,651.90 (+0.00%)
2025-10-15 15:00:40,144 - INFO - 메모리 정리 완료: 560개 객체 수집, 현재 사용량: 163.47 MB
2025-10-16 15:00:20,504 - INFO - 날짜 2025-10-16 : 장이 열려있습니다.
2025-10-16 15:00:20,504 - INFO - 총 평가금액: 17,006,231원, 전략3 할당: 1,700,623원 (10.0%)
2025-10-16 15:00:34,064 - INFO - KOSPI 1Y High=3,735.96 (2025-10-16), Current=3,735.96 (+0.00%)
2025-10-16 15:00:35,340 - INFO - 메모리 정리 완료: 560개 객체 수집, 현재 사용량: 163.19 MB
2025-10-17 15:00:49,217 - INFO - 날짜 2025-10-17 : 장이 열려있습니다.
2025-10-17 15:00:49,232 - INFO - 총 평가금액: 17,009,489원, 전략3 할당: 1,700,949원 (10.0%)
2025-10-17 15:00:56,395 - INFO - KOSPI 1Y High=3,751.40 (2025-10-17), Current=3,751.40 (+0.00%)
2025-10-17 15:00:57,819 - INFO - 메모리 정리 완료: 560개 객체 수집, 현재 사용량: 163.49 MB
2025-10-20 15:00:25,278 - INFO - 날짜 2025-10-20 : 장이 열려있습니다.
2025-10-20 15:00:25,290 - INFO - 총 평가금액: 17,121,567원, 전략3 할당: 1,712,157원 (10.0%)
2025-10-20 15:00:37,542 - INFO - KOSPI 1Y High=3,807.67 (2025-10-20), Current=3,807.67 (+0.00%)
2025-10-20 15:00:38,932 - INFO - 메모리 정리 완료: 560개 객체 수집, 현재 사용량: 163.24 MB
2025-10-21 15:00:38,523 - INFO - 날짜 2025-10-21 : 장이 열려있습니다.
2025-10-21 15:00:38,535 - INFO - 총 평가금액: 17,172,061원, 전략3 할당: 1,717,206원 (10.0%)
2025-10-21 15:00:52,775 - INFO - KOSPI 1Y High=3,826.63 (2025-10-21), Current=3,826.63 (+0.00%)
2025-10-21 15:00:54,019 - INFO - 메모리 정리 완료: 560개 객체 수집, 현재 사용량: 163.38 MB
2025-10-22 15:00:49,918 - INFO - 날짜 2025-10-22 : 장이 열려있습니다.
2025-10-22 15:00:49,927 - INFO - 총 평가금액: 17,312,975원, 전략3 할당: 1,731,298원 (10.0%)
2025-10-22 15:00:56,184 - INFO - KOSPI 1Y High=3,862.26 (2025-10-22), Current=3,862.26 (+0.00%)
2025-10-22 15:00:57,413 - INFO - 메모리 정리 완료: 560개 객체 수집, 현재 사용량: 163.29 MB
