2025-09-15 15:05:05,956 - INFO - 날짜 2025-09-15 : 장이 열려있습니다.
2025-09-15 15:05:05,958 - INFO - 총 평가금액: 16,964,004원, 전략1 할당: 6,785,602원 (40%)
2025-09-15 15:05:06,741 - INFO - [Momentum] 포지션 동기화 완료:
2025-09-15 15:05:06,741 - INFO -   - 매도 완료: 008040 사조동아원 (JSON: 233주)
2025-09-15 15:05:06,741 - INFO -   - 매도 완료: 226590 엠디바이스 (JSON: 21주)
2025-09-15 15:05:06,743 - INFO -   - 매도 완료: 450140 코오롱모빌리티그룹 (JSON: 57주)
2025-09-15 15:05:06,743 - INFO -   - 매도 완료: 459510 나우로보틱스 (JSON: 13주)
2025-09-15 15:05:06,746 - INFO -   - 매도 완료: 047050 포스코인터내셔널 (JSON: 3주)
2025-09-15 15:05:06,746 - INFO -   - 매도 완료: 090430 아모레퍼시픽 (JSON: 1주)
2025-09-15 15:05:06,746 - INFO -   - 신규 추가: 048770 TPC 129주@2,580원
2025-09-15 15:05:06,746 - INFO -   - 신규 추가: 125490 한라캐스트 5주@6,440원
2025-09-15 15:05:16,010 - INFO - 시장 필터: KOSPI 현재(3,409.20) > 200MA(2,749.12) -> 상승장
2025-09-15 15:05:16,020 - WARNING - 유니버스 로드 실패: [Errno 2] No such file or directory: 'C:\\work\\GitHub\\py\\kook\\kis\\Momentum20_stock_list.json'
2025-09-15 15:05:16,147 - INFO - 시장 필터: KOSPI 현재(3,408.65) > 200MA(2,749.12) -> 상승장
2025-09-15 15:05:16,147 - WARNING - 유니버스 로드 실패: [Errno 2] No such file or directory: 'C:\\work\\GitHub\\py\\kook\\kis\\Momentum20_stock_list.json'
2025-09-15 15:05:16,286 - INFO - [Momentum] 고정비율 손절: 048770 TPC 현재가=2,040 <= 손절가=2,322
2025-09-15 15:05:16,954 - INFO - [Momentum] 현재 보유: 6개, 빈 슬롯: 14개
2025-09-15 15:05:21,116 - INFO - 메모리 정리 완료: 562개 객체 수집, 현재 사용량: 166.75 MB
2025-09-16 15:06:13,617 - INFO - 날짜 2025-09-16 : 장이 열려있습니다.
2025-09-16 15:06:13,622 - INFO - 총 평가금액: 17,028,343원, 전략1 할당: 6,811,337원 (40%)
2025-09-16 15:06:13,913 - INFO - [Momentum] 포지션 동기화 완료:
2025-09-16 15:06:13,913 - INFO -   - 매도 완료: 048770 TPC (JSON: 129주)
2025-09-16 15:06:13,913 - INFO -   - 매도 완료: 125490 한라캐스트 (JSON: 5주)
2025-09-16 15:06:13,913 - INFO -   - 부분 체결: 204270 제이앤티씨 (JSON: 5주@21,200원 → 실제: 12주@21,579원)
2025-09-16 15:06:20,414 - INFO - 시장 필터: KOSPI 현재(3,448.01) > 200MA(2,753.94) -> 상승장
2025-09-16 15:06:20,418 - WARNING - 유니버스 로드 실패: [Errno 2] No such file or directory: 'C:\\work\\GitHub\\py\\kook\\kis\\Momentum20_stock_list.json'
2025-09-16 15:06:20,539 - INFO - 시장 필터: KOSPI 현재(3,447.78) > 200MA(2,753.94) -> 상승장
2025-09-16 15:06:20,539 - WARNING - 유니버스 로드 실패: [Errno 2] No such file or directory: 'C:\\work\\GitHub\\py\\kook\\kis\\Momentum20_stock_list.json'
2025-09-16 15:06:20,707 - INFO - [Momentum] 현재 보유: 4개, 빈 슬롯: 16개
2025-09-16 15:06:23,844 - INFO - 메모리 정리 완료: 562개 객체 수집, 현재 사용량: 166.80 MB
2025-09-16 15:23:25,618 - INFO - 날짜 2025-09-16 : 장이 열려있습니다.
2025-09-16 15:23:25,618 - INFO - 총 평가금액: 17,030,183원, 전략1 할당: 6,812,073원 (40%)
2025-09-16 15:23:25,923 - INFO - [Momentum] 포지션 동기화: 변경사항 없음
2025-09-16 15:23:31,204 - INFO - 시장 필터: KOSPI 현재(3,447.39) > 200MA(2,753.94) -> 상승장
2025-09-16 15:23:31,206 - WARNING - 유니버스 로드 실패: [Errno 2] No such file or directory: 'c:\\work\\GitHub\\py\\kook\\kis\\Momentum20_stock_list.json'
2025-09-16 15:23:31,306 - INFO - 시장 필터: KOSPI 현재(3,448.19) > 200MA(2,753.94) -> 상승장
2025-09-16 15:23:31,306 - WARNING - 유니버스 로드 실패: [Errno 2] No such file or directory: 'c:\\work\\GitHub\\py\\kook\\kis\\Momentum20_stock_list.json'
2025-09-16 15:23:31,493 - INFO - [Momentum] 현재 보유: 4개, 빈 슬롯: 16개
2025-09-16 15:23:34,583 - INFO - 메모리 정리 완료: 562개 객체 수집, 현재 사용량: 172.11 MB
2025-09-16 15:24:19,518 - INFO - 날짜 2025-09-16 : 장이 열려있습니다.
2025-09-16 15:24:19,520 - INFO - 총 평가금액: 17,030,183원, 전략1 할당: 6,812,073원 (40%)
2025-09-16 15:24:19,803 - INFO - [Momentum] 포지션 동기화: 변경사항 없음
2025-09-16 15:24:25,092 - INFO - 시장 필터: KOSPI 현재(3,448.40) > 200MA(2,753.95) -> 상승장
2025-09-16 15:24:33,349 - INFO - [Momentum] 후보 상위 미리보기:
  code  name  final_score
030200    KT          0.0
042700 한미반도체          0.0
161580  필옵틱스          0.0
2025-09-16 15:24:33,487 - INFO - 시장 필터: KOSPI 현재(3,447.03) > 200MA(2,753.94) -> 상승장
2025-09-16 15:24:41,521 - INFO - [Momentum] 후보 상위 미리보기:
  code  name  final_score
030200    KT          0.0
042700 한미반도체          0.0
161580  필옵틱스          0.0
2025-09-16 15:24:42,402 - INFO - [Momentum] 현재 보유: 4개, 빈 슬롯: 16개
2025-09-16 15:24:45,208 - INFO - [Momentum] 매수: 030200 KT qty=6, px=51,600, AM=0.700, AM_prev=0.600, thr=0.65, type=crossing
2025-09-16 15:24:46,955 - INFO - [Momentum] 매수: 042700 한미반도체 qty=3, px=93,100, AM=0.800, AM_prev=0.600, thr=0.65, type=crossing
2025-09-16 15:24:48,662 - INFO - [Momentum] 매수: 161580 필옵틱스 qty=9, px=35,800, AM=0.700, AM_prev=0.600, thr=0.65, type=crossing
2025-09-16 15:24:51,262 - INFO - 메모리 정리 완료: 99개 객체 수집, 현재 사용량: 172.59 MB
2025-09-16 15:26:31,171 - INFO - 날짜 2025-09-16 : 장이 열려있습니다.
2025-09-16 15:26:31,174 - INFO - 총 평가금액: 17,030,183원, 전략1 할당: 6,812,073원 (40%)
2025-09-16 15:26:31,467 - INFO - [Momentum] 포지션 동기화 완료:
2025-09-16 15:26:31,467 - INFO -   - 매도 완료: 030200 KT (JSON: 6주)
2025-09-16 15:26:31,467 - INFO -   - 매도 완료: 042700 한미반도체 (JSON: 3주)
2025-09-16 15:26:31,469 - INFO -   - 매도 완료: 161580 필옵틱스 (JSON: 9주)
2025-09-16 15:26:36,608 - INFO - 시장 필터: KOSPI 현재(3,445.57) > 200MA(2,753.93) -> 상승장
2025-09-16 15:26:44,838 - INFO - [Momentum] 후보 상위 미리보기:
  code  name  final_score
030200    KT          0.0
042700 한미반도체          0.0
161580  필옵틱스          0.0
2025-09-16 15:26:44,940 - INFO - 시장 필터: KOSPI 현재(3,446.23) > 200MA(2,753.93) -> 상승장
2025-09-16 15:26:53,221 - INFO - [Momentum] 후보 상위 미리보기:
  code  name  final_score
030200    KT          0.0
042700 한미반도체          0.0
161580  필옵틱스          0.0
2025-09-16 15:26:54,087 - INFO - [Momentum] 현재 보유: 4개, 빈 슬롯: 16개
2025-09-16 15:26:56,688 - INFO - [Momentum] 매수: 030200 KT qty=6, px=51,600, AM=0.700, AM_prev=0.600, thr=0.70, type=crossing
2025-09-16 15:26:58,173 - INFO - [Momentum] 매수: 042700 한미반도체 qty=3, px=93,100, AM=0.800, AM_prev=0.600, thr=0.70, type=crossing
2025-09-16 15:26:59,641 - INFO - [Momentum] 매수: 161580 필옵틱스 qty=9, px=35,800, AM=0.700, AM_prev=0.600, thr=0.70, type=crossing
2025-09-16 15:27:02,265 - INFO - 메모리 정리 완료: 66개 객체 수집, 현재 사용량: 172.26 MB
2025-09-17 15:05:40,763 - INFO - 날짜 2025-09-17 : 장이 열려있습니다.
2025-09-17 15:05:40,764 - INFO - 총 평가금액: 16,921,998원, 전략1 할당: 10,153,199원 (60%)
2025-09-17 15:05:40,765 - INFO - 초기 분배금 설정: 10,153,199원
2025-09-17 15:05:41,305 - INFO - [Momentum] 포지션 동기화 완료:
2025-09-17 15:05:41,305 - INFO -   - 부분 체결: 030200 KT (JSON: 6주@51,600원 → 실제: 6주@51,300원)
2025-09-17 15:05:41,305 - INFO -   - 신규 추가: 122630 KOSPI-LONG 117주@28,480원
2025-09-17 15:05:41,305 - INFO -   - 부분 체결: 161580 필옵틱스 (JSON: 9주@35,800원 → 실제: 9주@35,850원)
2025-09-17 15:05:47,113 - INFO - 듀얼 MA 필터: KOSPI 현재(3,412.75) > 200MA(2,758.61) & 50MA(3,215.06) -> 상승장
2025-09-17 15:05:56,229 - INFO - [Momentum] 후보 상위 미리보기:
  code     name  final_score
082270      젬백스     0.816667
035900 JYP Ent.     0.633333
335890       비올     0.550000
2025-09-17 15:05:56,380 - INFO - 듀얼 MA 필터: KOSPI 현재(3,412.16) > 200MA(2,758.61) & 50MA(3,215.05) -> 상승장
2025-09-17 15:06:05,621 - INFO - [Momentum] 후보 상위 미리보기:
  code     name  final_score
082270      젬백스     0.816667
035900 JYP Ent.     0.633333
335890       비올     0.550000
2025-09-17 15:06:06,659 - INFO - [Momentum] 현재 보유: 7개, 빈 슬롯: 23개
2025-09-17 15:06:10,469 - INFO - [Momentum] 매수: 082270 젬백스 qty=6, px=52,100, AM=0.800, AM_prev=0.700, thr=0.75, type=crossing
2025-09-17 15:06:10,477 - INFO - ⚪ [매수] 젬백스(082270) 6주 @ 52,100원
2025-09-17 15:06:12,098 - INFO - [Momentum] 매수: 035900 JYP Ent. qty=3, px=76,400, AM=0.800, AM_prev=0.700, thr=0.75, type=crossing
2025-09-17 15:06:12,098 - INFO - ⚪ [매수] JYP Ent.(035900) 3주 @ 76,400원
2025-09-17 15:06:13,872 - INFO - [Momentum] 매수: 335890 비올 qty=27, px=12,410, AM=0.800, AM_prev=0.700, thr=0.75, type=crossing
2025-09-17 15:06:13,881 - INFO - ⚪ [매수] 비올(335890) 27주 @ 12,410원
2025-09-17 15:06:17,137 - INFO - 메모리 정리 완료: 99개 객체 수집, 현재 사용량: 167.28 MB
2025-09-18 15:05:18,904 - INFO - 날짜 2025-09-18 : 장이 열려있습니다.
2025-09-18 15:05:18,906 - INFO - 총 평가금액: 17,050,333원, 전략1 할당: 10,230,200원 (60%)
2025-09-18 15:05:19,209 - INFO - 구매중 → 보유중 변경: 035900 JYP Ent. 4주
2025-09-18 15:05:19,209 - INFO - 구매중 → 보유중 변경: 082270 젬백스 6주
2025-09-18 15:05:19,209 - INFO - 구매중 → 보유중 변경: 335890 비올 27주
2025-09-18 15:05:19,508 - INFO - [Momentum] 포지션 동기화: 변경사항 없음
2025-09-18 15:05:25,472 - INFO - 듀얼 MA 필터: KOSPI 현재(3,457.30) > 200MA(2,763.40) & 50MA(3,221.54) -> 상승장
2025-09-18 15:05:34,757 - INFO - [Momentum] 후보 상위 미리보기:
  code     name  final_score
031980 피에스케이홀딩스        1.000
403870     HPSP        0.875
257720     실리콘투        0.710
003550       LG        0.580
060370  LS마린솔루션        0.545
241560     두산밥캣        0.530
009830    한화솔루션        0.460
005380      현대차        0.325
052400     코나아이        0.285
000270       기아        0.190
2025-09-18 15:05:34,866 - INFO - 듀얼 MA 필터: KOSPI 현재(3,457.04) > 200MA(2,763.39) & 50MA(3,221.54) -> 상승장
2025-09-18 15:05:44,729 - INFO - [Momentum] 후보 상위 미리보기:
  code     name  final_score
031980 피에스케이홀딩스        1.000
403870     HPSP        0.875
257720     실리콘투        0.710
003550       LG        0.580
060370  LS마린솔루션        0.545
241560     두산밥캣        0.530
009830    한화솔루션        0.460
005380      현대차        0.325
052400     코나아이        0.285
000270       기아        0.190
2025-09-18 15:05:47,512 - INFO - [Momentum] 현재 보유: 8개, 빈 슬롯: 22개
2025-09-18 15:05:51,621 - INFO - [Momentum] 매수: 031980 피에스케이홀딩스 qty=7, px=44,150, AM=0.800, AM_prev=0.700, thr=0.75, type=crossing
2025-09-18 15:05:51,631 - INFO - ⚪ [매수] 피에스케이홀딩스(031980) 7주 @ 44,150원
2025-09-18 15:05:53,171 - INFO - [Momentum] 매수: 403870 HPSP qty=7, px=30,800, AM=0.900, AM_prev=0.700, thr=0.75, type=crossing
2025-09-18 15:05:53,173 - INFO - ⚪ [매수] HPSP(403870) 7주 @ 30,800원
2025-09-18 15:05:54,747 - INFO - [Momentum] 매수: 257720 실리콘투 qty=7, px=45,700, AM=0.800, AM_prev=0.700, thr=0.75, type=crossing
2025-09-18 15:05:54,747 - INFO - ⚪ [매수] 실리콘투(257720) 7주 @ 45,700원
2025-09-18 15:05:56,293 - INFO - [Momentum] 매수: 003550 LG qty=4, px=76,900, AM=0.800, AM_prev=0.600, thr=0.75, type=crossing
2025-09-18 15:05:56,293 - INFO - ⚪ [매수] LG(003550) 4주 @ 76,900원
2025-09-18 15:05:58,048 - INFO - [Momentum] 매수: 060370 LS마린솔루션 qty=14, px=24,350, AM=0.800, AM_prev=0.700, thr=0.75, type=crossing
2025-09-18 15:05:58,061 - INFO - ⚪ [매수] LS마린솔루션(060370) 14주 @ 24,350원
2025-09-18 15:05:59,833 - INFO - [Momentum] 매수: 241560 두산밥캣 qty=6, px=54,900, AM=0.900, AM_prev=0.700, thr=0.75, type=crossing
2025-09-18 15:05:59,842 - INFO - ⚪ [매수] 두산밥캣(241560) 6주 @ 54,900원
2025-09-18 15:06:01,344 - INFO - [Momentum] 매수: 009830 한화솔루션 qty=11, px=30,250, AM=0.800, AM_prev=0.600, thr=0.75, type=crossing
2025-09-18 15:06:01,344 - INFO - ⚪ [매수] 한화솔루션(009830) 11주 @ 30,250원
2025-09-18 15:06:03,140 - INFO - [Momentum] 매수: 005380 현대차 qty=1, px=218,000, AM=0.800, AM_prev=0.700, thr=0.75, type=crossing
2025-09-18 15:06:03,153 - INFO - ⚪ [매수] 현대차(005380) 1주 @ 218,000원
2025-09-18 15:06:04,974 - INFO - [Momentum] 매수: 052400 코나아이 qty=6, px=50,200, AM=0.800, AM_prev=0.700, thr=0.75, type=crossing
2025-09-18 15:06:04,984 - INFO - ⚪ [매수] 코나아이(052400) 6주 @ 50,200원
2025-09-18 15:06:06,803 - INFO - [Momentum] 매수: 000270 기아 qty=3, px=101,800, AM=0.900, AM_prev=0.700, thr=0.75, type=crossing
2025-09-18 15:06:06,813 - INFO - ⚪ [매수] 기아(000270) 3주 @ 101,800원
2025-09-18 15:06:11,987 - INFO - 메모리 정리 완료: 99개 객체 수집, 현재 사용량: 167.36 MB
2025-09-19 15:06:01,886 - INFO - 날짜 2025-09-19 : 장이 열려있습니다.
2025-09-19 15:06:01,888 - INFO - 총 평가금액: 17,138,018원, 전략1 할당: 10,282,811원 (60%)
2025-09-19 15:06:02,231 - INFO - 구매중 → 보유중 변경: 035900 JYP Ent. 4주
2025-09-19 15:06:02,233 - INFO - 구매중 → 보유중 변경: 403870 HPSP 11주
2025-09-19 15:06:02,233 - INFO - 구매중 → 보유중 변경: 082270 젬백스 6주
2025-09-19 15:06:02,233 - INFO - 구매중 → 보유중 변경: 257720 실리콘투 7주
2025-09-19 15:06:02,233 - INFO - 구매중 → 보유중 변경: 003550 LG 4주
2025-09-19 15:06:02,233 - INFO - 구매중 → 보유중 변경: 060370 LS마린솔루션 14주
2025-09-19 15:06:02,233 - INFO - 구매중 → 보유중 변경: 241560 두산밥캣 6주
2025-09-19 15:06:02,235 - INFO - 구매중 → 보유중 변경: 009830 한화솔루션 11주
2025-09-19 15:06:02,235 - INFO - 구매중 → 보유중 변경: 005380 현대차 1주
2025-09-19 15:06:02,235 - INFO - 구매중 → 보유중 변경: 052400 코나아이 6주
2025-09-19 15:06:02,235 - INFO - 구매중 포지션 삭제: 335890 비올 (구매일: 2025-09-17)
2025-09-19 15:06:02,235 - INFO - 구매중 포지션 삭제: 031980 피에스케이홀딩스 (구매일: 2025-09-18)
2025-09-19 15:06:02,235 - INFO - 구매중 포지션 삭제: 000270 기아 (구매일: 2025-09-18)
2025-09-19 15:06:02,235 - INFO - 총 3개의 구매중 포지션을 삭제했습니다.
2025-09-19 15:06:02,528 - INFO - [Momentum] 포지션 동기화: 변경사항 없음
2025-09-19 15:06:08,823 - INFO - 듀얼 MA 필터: KOSPI 현재(3,437.20) > 200MA(2,767.93) & 50MA(3,226.70) -> 상승장
2025-09-19 15:06:17,931 - INFO - [Momentum] 후보 상위 미리보기:
  code   name  final_score
068760 셀트리온제약          1.0
2025-09-19 15:06:18,048 - INFO - 듀얼 MA 필터: KOSPI 현재(3,437.01) > 200MA(2,767.93) & 50MA(3,226.70) -> 상승장
2025-09-19 15:06:27,070 - INFO - [Momentum] 후보 상위 미리보기:
  code   name  final_score
068760 셀트리온제약          1.0
2025-09-19 15:06:27,930 - INFO - [Momentum] 현재 보유: 14개, 빈 슬롯: 16개
2025-09-19 15:06:34,298 - INFO - [Momentum] 매수: 068760 셀트리온제약 qty=6, px=54,700, AM=0.800, AM_prev=0.700, thr=0.75, type=crossing
2025-09-19 15:06:34,298 - INFO - ⚪ [매수] 셀트리온제약(068760) 6주 @ 54,700원
2025-09-19 15:06:39,749 - INFO - 메모리 정리 완료: 66개 객체 수집, 현재 사용량: 167.21 MB
2025-09-22 15:05:26,008 - INFO - 날짜 2025-09-22 : 장이 열려있습니다.
2025-09-22 15:05:26,020 - INFO - 총 평가금액: 17,275,817원, 전략1 할당: 10,365,490원 (60%)
2025-09-22 15:05:26,314 - INFO - 구매중 → 보유중 변경: 035900 JYP Ent. 4주
2025-09-22 15:05:26,314 - INFO - 구매중 → 보유중 변경: 403870 HPSP 11주
2025-09-22 15:05:26,316 - INFO - 구매중 → 보유중 변경: 082270 젬백스 6주
2025-09-22 15:05:26,316 - INFO - 구매중 → 보유중 변경: 257720 실리콘투 7주
2025-09-22 15:05:26,316 - INFO - 구매중 → 보유중 변경: 003550 LG 4주
2025-09-22 15:05:26,320 - INFO - 구매중 → 보유중 변경: 060370 LS마린솔루션 14주
2025-09-22 15:05:26,320 - INFO - 구매중 → 보유중 변경: 241560 두산밥캣 6주
2025-09-22 15:05:26,320 - INFO - 구매중 → 보유중 변경: 009830 한화솔루션 11주
2025-09-22 15:05:26,320 - INFO - 구매중 → 보유중 변경: 005380 현대차 1주
2025-09-22 15:05:26,322 - INFO - 구매중 → 보유중 변경: 052400 코나아이 6주
2025-09-22 15:05:26,322 - INFO - 구매중 → 보유중 변경: 068760 셀트리온제약 6주
2025-09-22 15:05:26,322 - INFO - 구매중 포지션 삭제: 335890 비올 (구매일: 2025-09-17)
2025-09-22 15:05:26,322 - INFO - 구매중 포지션 삭제: 031980 피에스케이홀딩스 (구매일: 2025-09-18)
2025-09-22 15:05:26,323 - INFO - 구매중 포지션 삭제: 000270 기아 (구매일: 2025-09-18)
2025-09-22 15:05:26,323 - INFO - 총 3개의 구매중 포지션을 삭제했습니다.
2025-09-22 15:05:26,589 - INFO - [Momentum] 포지션 동기화: 변경사항 없음
2025-09-22 15:05:33,170 - INFO - 듀얼 MA 필터: KOSPI 현재(3,464.66) > 200MA(2,772.69) & 50MA(3,232.64) -> 상승장
2025-09-22 15:05:42,088 - INFO - [Momentum] 후보 상위 미리보기:
  code     name  final_score
161580     필옵틱스     0.966667
060370  LS마린솔루션     0.700000
281740 레이크머티리얼즈     0.638889
034020  두산에너빌리티     0.616667
051910     LG화학     0.583333
025980      아난티     0.538889
336570       원텍     0.327778
005387   현대차2우B     0.322222
352820      하이브     0.305556
2025-09-22 15:05:42,212 - INFO - 듀얼 MA 필터: KOSPI 현재(3,464.26) > 200MA(2,772.69) & 50MA(3,232.63) -> 상승장
2025-09-22 15:05:51,545 - INFO - [Momentum] 후보 상위 미리보기:
  code     name  final_score
161580     필옵틱스     0.966667
060370  LS마린솔루션     0.700000
281740 레이크머티리얼즈     0.638889
034020  두산에너빌리티     0.616667
051910     LG화학     0.583333
025980      아난티     0.538889
336570       원텍     0.327778
005387   현대차2우B     0.322222
352820      하이브     0.305556
2025-09-22 15:05:54,353 - INFO - [Momentum] 현재 보유: 15개, 빈 슬롯: 15개
2025-09-22 15:06:01,004 - INFO - [Momentum] 매수: 281740 레이크머티리얼즈 qty=26, px=13,120, AM=0.800, AM_prev=0.700, thr=0.75, type=crossing
2025-09-22 15:06:01,018 - INFO - ⚪ [매수] 레이크머티리얼즈(281740) 26주 @ 13,120원
2025-09-22 15:06:02,772 - INFO - [Momentum] 매수: 034020 두산에너빌리티 qty=5, px=62,400, AM=0.800, AM_prev=0.700, thr=0.75, type=crossing
2025-09-22 15:06:02,781 - INFO - ⚪ [매수] 두산에너빌리티(034020) 5주 @ 62,400원
2025-09-22 15:06:04,524 - INFO - [Momentum] 매수: 051910 LG화학 qty=1, px=295,500, AM=0.800, AM_prev=0.700, thr=0.75, type=crossing
2025-09-22 15:06:04,532 - INFO - ⚪ [매수] LG화학(051910) 1주 @ 295,500원
2025-09-22 15:06:06,258 - INFO - [Momentum] 매수: 025980 아난티 qty=38, px=9,040, AM=0.800, AM_prev=0.700, thr=0.75, type=crossing
2025-09-22 15:06:06,266 - INFO - ⚪ [매수] 아난티(025980) 38주 @ 9,040원
2025-09-22 15:06:07,762 - INFO - [Momentum] 매수: 336570 원텍 qty=34, px=10,090, AM=0.800, AM_prev=0.700, thr=0.75, type=crossing
2025-09-22 15:06:07,762 - INFO - ⚪ [매수] 원텍(336570) 34주 @ 10,090원
2025-09-22 15:06:09,502 - INFO - [Momentum] 매수: 005387 현대차2우B qty=2, px=167,300, AM=0.800, AM_prev=0.600, thr=0.75, type=crossing
2025-09-22 15:06:09,510 - INFO - ⚪ [매수] 현대차2우B(005387) 2주 @ 167,300원
2025-09-22 15:06:11,238 - INFO - [Momentum] 매수: 352820 하이브 qty=1, px=287,000, AM=0.800, AM_prev=0.700, thr=0.75, type=crossing
2025-09-22 15:06:11,248 - INFO - ⚪ [매수] 하이브(352820) 1주 @ 287,000원
2025-09-22 15:06:18,260 - INFO - 메모리 정리 완료: 99개 객체 수집, 현재 사용량: 167.65 MB
2025-09-23 15:06:22,148 - INFO - 날짜 2025-09-23 : 장이 열려있습니다.
2025-09-23 15:06:22,149 - INFO - 총 평가금액: 17,384,798원, 전략1 할당: 10,430,879원 (60%)
2025-09-23 15:06:22,453 - INFO - 구매중 → 보유중 변경: 035900 JYP Ent. 4주
2025-09-23 15:06:22,455 - INFO - 구매중 → 보유중 변경: 403870 HPSP 11주
2025-09-23 15:06:22,455 - INFO - 구매중 → 보유중 변경: 082270 젬백스 6주
2025-09-23 15:06:22,455 - INFO - 구매중 → 보유중 변경: 257720 실리콘투 7주
2025-09-23 15:06:22,455 - INFO - 구매중 → 보유중 변경: 003550 LG 4주
2025-09-23 15:06:22,459 - INFO - 구매중 → 보유중 변경: 060370 LS마린솔루션 14주
2025-09-23 15:06:22,459 - INFO - 구매중 → 보유중 변경: 241560 두산밥캣 6주
2025-09-23 15:06:22,459 - INFO - 구매중 → 보유중 변경: 009830 한화솔루션 11주
2025-09-23 15:06:22,459 - INFO - 구매중 → 보유중 변경: 005380 현대차 1주
2025-09-23 15:06:22,459 - INFO - 구매중 → 보유중 변경: 052400 코나아이 6주
2025-09-23 15:06:22,461 - INFO - 구매중 → 보유중 변경: 068760 셀트리온제약 6주
2025-09-23 15:06:22,461 - INFO - 구매중 → 보유중 변경: 281740 레이크머티리얼즈 26주
2025-09-23 15:06:22,461 - INFO - 구매중 → 보유중 변경: 034020 두산에너빌리티 5주
2025-09-23 15:06:22,461 - INFO - 구매중 → 보유중 변경: 051910 LG화학 1주
2025-09-23 15:06:22,462 - INFO - 구매중 → 보유중 변경: 025980 아난티 38주
2025-09-23 15:06:22,462 - INFO - 구매중 → 보유중 변경: 336570 원텍 34주
2025-09-23 15:06:22,462 - INFO - 구매중 → 보유중 변경: 005387 현대차2우B 2주
2025-09-23 15:06:22,462 - INFO - 구매중 → 보유중 변경: 352820 하이브 1주
2025-09-23 15:06:22,462 - INFO - 구매중 포지션 삭제: 335890 비올 (구매일: 2025-09-17)
2025-09-23 15:06:22,462 - INFO - 구매중 포지션 삭제: 031980 피에스케이홀딩스 (구매일: 2025-09-18)
2025-09-23 15:06:22,462 - INFO - 구매중 포지션 삭제: 000270 기아 (구매일: 2025-09-18)
2025-09-23 15:06:22,462 - INFO - 총 3개의 구매중 포지션을 삭제했습니다.
2025-09-23 15:06:22,752 - INFO - [Momentum] 포지션 동기화: 변경사항 없음
2025-09-23 15:06:28,558 - INFO - 듀얼 MA 필터: KOSPI 현재(3,486.91) > 200MA(2,777.63) & 50MA(3,238.42) -> 상승장
2025-09-23 15:06:37,857 - INFO - [Momentum] 후보 상위 미리보기:
  code name  final_score
068270 셀트리온     0.950000
000100 유한양행     0.533333
000270   기아     0.516667
2025-09-23 15:06:37,970 - INFO - 듀얼 MA 필터: KOSPI 현재(3,486.85) > 200MA(2,777.63) & 50MA(3,238.42) -> 상승장
2025-09-23 15:06:47,331 - INFO - [Momentum] 후보 상위 미리보기:
  code name  final_score
068270 셀트리온     0.950000
000100 유한양행     0.533333
000270   기아     0.516667
2025-09-23 15:06:49,079 - INFO - [Momentum] 현재 보유: 22개, 빈 슬롯: 8개
2025-09-23 15:06:57,701 - INFO - [Momentum] 매수: 068270 셀트리온 qty=1, px=184,300, AM=1.000, AM_prev=0.400, thr=0.75, type=crossing
2025-09-23 15:06:57,717 - INFO - ⚪ [매수] 셀트리온(068270) 1주 @ 184,300원
2025-09-23 15:06:59,449 - INFO - [Momentum] 매수: 000100 유한양행 qty=2, px=123,200, AM=0.800, AM_prev=0.700, thr=0.75, type=crossing
2025-09-23 15:06:59,457 - INFO - ⚪ [매수] 유한양행(000100) 2주 @ 123,200원
2025-09-23 15:07:06,917 - INFO - 메모리 정리 완료: 99개 객체 수집, 현재 사용량: 167.47 MB
2025-09-24 15:06:00,568 - INFO - 날짜 2025-09-24 : 장이 열려있습니다.
2025-09-24 15:06:00,582 - INFO - 총 평가금액: 17,298,429원, 전략1 할당: 10,379,057원 (60%)
2025-09-24 15:06:00,877 - INFO - 구매중 → 보유중 변경: 035900 JYP Ent. 4주
2025-09-24 15:06:00,879 - INFO - 구매중 → 보유중 변경: 403870 HPSP 11주
2025-09-24 15:06:00,879 - INFO - 구매중 → 보유중 변경: 082270 젬백스 6주
2025-09-24 15:06:00,879 - INFO - 구매중 → 보유중 변경: 257720 실리콘투 7주
2025-09-24 15:06:00,879 - INFO - 구매중 → 보유중 변경: 003550 LG 4주
2025-09-24 15:06:00,883 - INFO - 구매중 → 보유중 변경: 060370 LS마린솔루션 14주
2025-09-24 15:06:00,883 - INFO - 구매중 → 보유중 변경: 241560 두산밥캣 6주
2025-09-24 15:06:00,885 - INFO - 구매중 → 보유중 변경: 009830 한화솔루션 11주
2025-09-24 15:06:00,885 - INFO - 구매중 → 보유중 변경: 005380 현대차 1주
2025-09-24 15:06:00,885 - INFO - 구매중 → 보유중 변경: 052400 코나아이 6주
2025-09-24 15:06:00,885 - INFO - 구매중 → 보유중 변경: 068760 셀트리온제약 6주
2025-09-24 15:06:00,885 - INFO - 구매중 → 보유중 변경: 281740 레이크머티리얼즈 26주
2025-09-24 15:06:00,885 - INFO - 구매중 → 보유중 변경: 034020 두산에너빌리티 5주
2025-09-24 15:06:00,885 - INFO - 구매중 → 보유중 변경: 051910 LG화학 1주
2025-09-24 15:06:00,885 - INFO - 구매중 → 보유중 변경: 025980 아난티 38주
2025-09-24 15:06:00,887 - INFO - 구매중 → 보유중 변경: 336570 원텍 34주
2025-09-24 15:06:00,887 - INFO - 구매중 → 보유중 변경: 005387 현대차2우B 2주
2025-09-24 15:06:00,887 - INFO - 구매중 → 보유중 변경: 352820 하이브 1주
2025-09-24 15:06:00,887 - INFO - 구매중 → 보유중 변경: 068270 셀트리온 1주
2025-09-24 15:06:00,887 - INFO - 구매중 → 보유중 변경: 000100 유한양행 2주
2025-09-24 15:06:00,887 - INFO - 구매중 포지션 삭제: 335890 비올 (구매일: 2025-09-17)
2025-09-24 15:06:00,887 - INFO - 구매중 포지션 삭제: 031980 피에스케이홀딩스 (구매일: 2025-09-18)
2025-09-24 15:06:00,887 - INFO - 구매중 포지션 삭제: 000270 기아 (구매일: 2025-09-18)
2025-09-24 15:06:00,888 - INFO - 총 3개의 구매중 포지션을 삭제했습니다.
2025-09-24 15:06:01,169 - INFO - [Momentum] 포지션 동기화: 변경사항 없음
2025-09-24 15:06:07,263 - INFO - 듀얼 MA 필터: KOSPI 현재(3,467.37) > 200MA(2,782.44) & 50MA(3,243.44) -> 상승장
2025-09-24 15:06:17,082 - INFO - [Momentum] 후보 상위 미리보기:
  code    name  final_score
042700   한미반도체     0.808333
034020 두산에너빌리티     0.800000
241560    두산밥캣     0.641667
005387  현대차2우B     0.458333
044490      태웅     0.425000
336570      원텍     0.366667
2025-09-24 15:06:17,213 - INFO - 듀얼 MA 필터: KOSPI 현재(3,468.89) > 200MA(2,782.45) & 50MA(3,243.47) -> 상승장
2025-09-24 15:06:26,299 - INFO - [Momentum] 후보 상위 미리보기:
  code    name  final_score
042700   한미반도체     0.808333
034020 두산에너빌리티     0.800000
241560    두산밥캣     0.641667
005387  현대차2우B     0.458333
044490      태웅     0.425000
336570      원텍     0.366667
2025-09-24 15:06:29,067 - INFO - [Momentum] 현재 보유: 24개, 빈 슬롯: 6개
2025-09-24 15:06:38,196 - INFO - [Momentum] 매수: 044490 태웅 qty=10, px=33,050, AM=0.800, AM_prev=0.700, thr=0.75, type=crossing
2025-09-24 15:06:38,206 - INFO - ⚪ [매수] 태웅(044490) 10주 @ 33,050원
2025-09-24 15:06:45,795 - INFO - 메모리 정리 완료: 99개 객체 수집, 현재 사용량: 167.84 MB
2025-09-25 15:06:02,438 - INFO - 날짜 2025-09-25 : 장이 열려있습니다.
2025-09-25 15:06:02,450 - INFO - 총 평가금액: 17,184,865원, 전략1 할당: 8,592,432원 (50%)
2025-09-25 15:06:02,758 - INFO - 구매중 → 보유중 변경: 035900 JYP Ent. 4주
2025-09-25 15:06:02,758 - INFO - 구매중 → 보유중 변경: 403870 HPSP 11주
2025-09-25 15:06:02,758 - INFO - 구매중 → 보유중 변경: 082270 젬백스 6주
2025-09-25 15:06:02,758 - INFO - 구매중 → 보유중 변경: 257720 실리콘투 7주
2025-09-25 15:06:02,760 - INFO - 구매중 → 보유중 변경: 003550 LG 4주
2025-09-25 15:06:02,763 - INFO - 구매중 → 보유중 변경: 060370 LS마린솔루션 14주
2025-09-25 15:06:02,763 - INFO - 구매중 → 보유중 변경: 241560 두산밥캣 6주
2025-09-25 15:06:02,763 - INFO - 구매중 → 보유중 변경: 009830 한화솔루션 11주
2025-09-25 15:06:02,763 - INFO - 구매중 → 보유중 변경: 005380 현대차 1주
2025-09-25 15:06:02,765 - INFO - 구매중 → 보유중 변경: 052400 코나아이 6주
2025-09-25 15:06:02,765 - INFO - 구매중 → 보유중 변경: 068760 셀트리온제약 6주
2025-09-25 15:06:02,765 - INFO - 구매중 → 보유중 변경: 281740 레이크머티리얼즈 26주
2025-09-25 15:06:02,765 - INFO - 구매중 → 보유중 변경: 034020 두산에너빌리티 5주
2025-09-25 15:06:02,765 - INFO - 구매중 → 보유중 변경: 051910 LG화학 1주
2025-09-25 15:06:02,765 - INFO - 구매중 → 보유중 변경: 025980 아난티 38주
2025-09-25 15:06:02,765 - INFO - 구매중 → 보유중 변경: 336570 원텍 34주
2025-09-25 15:06:02,765 - INFO - 구매중 → 보유중 변경: 005387 현대차2우B 2주
2025-09-25 15:06:02,767 - INFO - 구매중 → 보유중 변경: 352820 하이브 1주
2025-09-25 15:06:02,767 - INFO - 구매중 → 보유중 변경: 068270 셀트리온 1주
2025-09-25 15:06:02,767 - INFO - 구매중 → 보유중 변경: 000100 유한양행 2주
2025-09-25 15:06:02,767 - INFO - 구매중 → 보유중 변경: 044490 태웅 10주
2025-09-25 15:06:02,767 - INFO - 구매중 포지션 삭제: 335890 비올 (구매일: 2025-09-17)
2025-09-25 15:06:02,767 - INFO - 구매중 포지션 삭제: 031980 피에스케이홀딩스 (구매일: 2025-09-18)
2025-09-25 15:06:02,767 - INFO - 구매중 포지션 삭제: 000270 기아 (구매일: 2025-09-18)
2025-09-25 15:06:02,767 - INFO - 총 3개의 구매중 포지션을 삭제했습니다.
2025-09-25 15:06:03,069 - INFO - [Momentum] 포지션 동기화: 변경사항 없음
2025-09-25 15:06:09,846 - INFO - 듀얼 MA 필터: KOSPI 현재(3,463.87) > 200MA(2,787.50) & 50MA(3,249.09) -> 상승장
2025-09-25 15:06:19,611 - INFO - [Momentum] 후보 상위 미리보기:
  code     name  final_score
003670   포스코퓨처엠      0.94375
010950    S-Oil      0.73125
047050 포스코인터내셔널      0.70625
247540   에코프로비엠      0.58125
051910     LG화학      0.56250
079550   LIG넥스원      0.43125
307950   현대오토에버      0.28750
041510      에스엠      0.25625
2025-09-25 15:06:19,751 - INFO - 듀얼 MA 필터: KOSPI 현재(3,464.12) > 200MA(2,787.51) & 50MA(3,249.09) -> 상승장
2025-09-25 15:06:28,983 - INFO - [Momentum] 후보 상위 미리보기:
  code     name  final_score
003670   포스코퓨처엠      0.94375
010950    S-Oil      0.73125
047050 포스코인터내셔널      0.70625
247540   에코프로비엠      0.58125
051910     LG화학      0.56250
079550   LIG넥스원      0.43125
307950   현대오토에버      0.28750
041510      에스엠      0.25625
2025-09-25 15:06:32,087 - INFO - [Momentum] 현재 보유: 25개, 빈 슬롯: 5개
2025-09-25 15:06:49,147 - INFO - 메모리 정리 완료: 33개 객체 수집, 현재 사용량: 167.71 MB
2025-10-15 10:34:50,535 - INFO - 날짜 2025-10-15 : 장이 열려있습니다.
2025-10-15 10:34:50,536 - INFO - 총 평가금액: 16,924,411원, 전략1 할당: 4,231,103원 (25%)
2025-10-15 10:34:51,014 - INFO - [Momentum] 포지션 동기화: 변경사항 없음
2025-10-15 10:34:51,035 - INFO - 초기 포트폴리오 구성 모드: 현재 보유 0개, 목표 30개
2025-10-15 10:34:56,916 - INFO - [Momentum] 후보 상위 미리보기:
  code     name  final_score
207940 삼성바이오로직스     0.916667
000720     현대건설     0.758333
178320    서진시스템     0.575000
068760   셀트리온제약     0.475000
352820      하이브     0.433333
272210    한화시스템     0.341667
2025-10-15 10:34:56,917 - INFO - 초기 구성용 낮춘 임계값: 0.65 (원래: 0.75)
2025-10-15 10:41:23,669 - INFO - 날짜 2025-10-15 : 장이 열려있습니다.
2025-10-15 10:41:23,669 - INFO - 총 평가금액: 16,923,511원, 전략1 할당: 4,230,878원 (25%)
2025-10-15 10:41:24,146 - INFO - [Momentum] 포지션 동기화: 변경사항 없음
2025-10-15 10:41:24,147 - INFO - 초기 포트폴리오 구성 모드: 현재 보유 0개, 목표 15개
2025-10-15 10:41:29,772 - INFO - [Momentum] 후보 상위 미리보기:
  code     name  final_score
207940 삼성바이오로직스         1.00
178320    서진시스템         0.55
068760   셀트리온제약         0.45
2025-10-15 10:41:29,773 - INFO - 초기 구성용 낮춘 임계값: 0.55 (원래: 0.65)
2025-10-15 10:41:35,264 - INFO - 시장 필터: KOSPI 현재(3,612.68) > 200MA(2,835.67) -> 상승장
2025-10-15 10:41:40,900 - INFO - [Momentum] 후보 상위 미리보기:
  code     name  final_score
207940 삼성바이오로직스     0.933333
000720     현대건설     0.725000
352820      하이브     0.541667
178320    서진시스템     0.541667
068760   셀트리온제약     0.441667
272210    한화시스템     0.316667
2025-10-15 10:41:42,298 - INFO - [Momentum] 현재 보유: 0개, 빈 슬롯: 15개
2025-10-15 10:41:43,940 - INFO - [Momentum] 매수: 000720 현대건설 qty=4, px=62,300, AM=0.700, AM_prev=0.600, thr=0.65, type=crossing
2025-10-15 10:41:43,947 - INFO - ⚪ [매수] 현대건설(000720) 4주 @ 62,300원
2025-10-15 10:41:45,530 - INFO - [Momentum] 매수: 352820 하이브 qty=1, px=278,000, AM=0.700, AM_prev=0.600, thr=0.65, type=crossing
2025-10-15 10:41:45,531 - INFO - ⚪ [매수] 하이브(352820) 1주 @ 278,000원
2025-10-15 10:41:47,234 - INFO - [Momentum] 매수: 178320 서진시스템 qty=12, px=22,800, AM=0.700, AM_prev=0.300, thr=0.65, type=crossing
2025-10-15 10:41:47,242 - INFO - ⚪ [매수] 서진시스템(178320) 12주 @ 22,800원
2025-10-15 10:41:48,680 - INFO - [Momentum] 매수: 068760 셀트리온제약 qty=5, px=53,800, AM=0.800, AM_prev=0.500, thr=0.65, type=crossing
2025-10-15 10:41:48,681 - INFO - ⚪ [매수] 셀트리온제약(068760) 5주 @ 53,800원
2025-10-15 10:41:50,384 - INFO - [Momentum] 매수: 272210 한화시스템 qty=5, px=53,500, AM=0.800, AM_prev=0.600, thr=0.65, type=crossing
2025-10-15 10:41:50,391 - INFO - ⚪ [매수] 한화시스템(272210) 5주 @ 53,500원
2025-10-15 10:41:52,805 - INFO - 메모리 정리 완료: 165개 객체 수집, 현재 사용량: 163.09 MB
2025-10-15 10:45:55,728 - INFO - 날짜 2025-10-15 : 장이 열려있습니다.
2025-10-15 10:45:55,728 - INFO - 총 평가금액: 16,924,774원, 전략1 할당: 4,231,194원 (25%)
2025-10-15 10:45:55,970 - INFO - 구매중 → 보유중 변경: 000720 현대건설 4주
2025-10-15 10:45:55,970 - INFO - 구매중 → 보유중 변경: 352820 하이브 1주
2025-10-15 10:45:55,971 - INFO - 구매중 → 보유중 변경: 178320 서진시스템 12주
2025-10-15 10:45:55,971 - INFO - 구매중 → 보유중 변경: 272210 한화시스템 5주
2025-10-15 10:45:56,433 - INFO - 매도 완료 손익 반영: 068760 +500원
2025-10-15 10:45:56,433 - INFO - [Momentum] 포지션 동기화 완료:
2025-10-15 10:45:56,433 - INFO -   - 이미 매도됨: 068760 셀트리온제약 (JSON: 5주@53,800원, 상태: 구매중)
2025-10-15 10:45:56,435 - INFO - 초기 포트폴리오 구성 모드: 현재 보유 4개, 목표 15개
2025-10-15 10:46:02,076 - INFO - [Momentum] 후보 상위 미리보기:
  code   name  final_score
178320  서진시스템     0.950000
068270   셀트리온     0.616667
326030 SK바이오팜     0.433333
2025-10-15 10:46:02,077 - INFO - 초기 구성용 낮춘 임계값: 0.50 (원래: 0.65)
2025-10-15 10:46:07,073 - INFO - 시장 필터: KOSPI 현재(3,611.84) > 200MA(2,835.66) -> 상승장
2025-10-15 10:46:12,665 - INFO - [Momentum] 후보 상위 미리보기:
  code     name  final_score
207940 삼성바이오로직스     0.966667
000720     현대건설     0.691667
352820      하이브     0.541667
178320    서진시스템     0.541667
068760   셀트리온제약     0.441667
272210    한화시스템     0.316667
2025-10-15 10:46:14,154 - INFO - [Momentum] 현재 보유: 4개, 빈 슬롯: 11개
2025-10-15 10:46:16,623 - INFO - [Momentum] 매수: 068760 셀트리온제약 qty=5, px=53,900, AM=0.800, AM_prev=0.500, thr=0.65, type=crossing
2025-10-15 10:46:16,623 - INFO - ⚪ [매수] 셀트리온제약(068760) 5주 @ 53,900원
2025-10-15 10:46:19,087 - INFO - 메모리 정리 완료: 66개 객체 수집, 현재 사용량: 163.36 MB
2025-10-15 10:57:39,801 - INFO - 날짜 2025-10-15 : 장이 열려있습니다.
2025-10-15 10:57:39,813 - INFO - 총 평가금액: 16,921,606원, 전략1 할당: 4,230,402원 (25%)
2025-10-15 10:57:40,076 - INFO - 구매중 → 보유중 변경: 068760 셀트리온제약 10주
2025-10-15 10:57:40,328 - INFO - [Momentum] 포지션 동기화: 변경사항 없음
2025-10-15 10:57:45,631 - INFO - 시장 필터: KOSPI 현재(3,613.67) > 200MA(2,835.67) -> 상승장
2025-10-15 10:57:55,088 - INFO - [Momentum] 후보 상위 미리보기:
  code     name  final_score
207940 삼성바이오로직스     0.966667
000720     현대건설     0.691667
352820      하이브     0.541667
178320    서진시스템     0.541667
068760   셀트리온제약     0.441667
272210    한화시스템     0.316667
2025-10-15 10:57:55,184 - INFO - 시장 필터: KOSPI 현재(3,615.19) > 200MA(2,835.68) -> 상승장
2025-10-15 10:58:04,264 - INFO - [Momentum] 후보 상위 미리보기:
  code     name  final_score
207940 삼성바이오로직스     0.966667
000720     현대건설     0.691667
352820      하이브     0.541667
178320    서진시스템     0.541667
068760   셀트리온제약     0.441667
272210    한화시스템     0.316667
2025-10-15 10:58:05,907 - INFO - [Momentum] 현재 보유: 5개, 빈 슬롯: 10개
2025-10-15 10:58:09,552 - INFO - 메모리 정리 완료: 33개 객체 수집, 현재 사용량: 167.45 MB
2025-10-15 15:05:42,723 - INFO - 날짜 2025-10-15 : 장이 열려있습니다.
2025-10-15 15:05:42,723 - INFO - 총 평가금액: 16,956,944원, 전략1 할당: 4,239,236원 (25%)
2025-10-15 15:05:43,009 - INFO - 구매중 → 보유중 변경: 068760 셀트리온제약 10주
2025-10-15 15:05:43,294 - INFO - [Momentum] 포지션 동기화: 변경사항 없음
2025-10-15 15:05:49,043 - INFO - 시장 필터: KOSPI 현재(3,651.13) > 200MA(2,835.86) -> 상승장
2025-10-15 15:05:58,165 - INFO - [Momentum] 후보 상위 미리보기:
  code     name  final_score
207940 삼성바이오로직스     0.971429
178320    서진시스템     0.800000
000720     현대건설     0.650000
352820      하이브     0.550000
009830    한화솔루션     0.414286
068760   셀트리온제약     0.350000
272210    한화시스템     0.264286
2025-10-15 15:05:58,257 - INFO - 시장 필터: KOSPI 현재(3,651.67) > 200MA(2,835.86) -> 상승장
2025-10-15 15:06:07,764 - INFO - [Momentum] 후보 상위 미리보기:
  code     name  final_score
207940 삼성바이오로직스     0.971429
178320    서진시스템     0.800000
000720     현대건설     0.650000
352820      하이브     0.550000
009830    한화솔루션     0.414286
068760   셀트리온제약     0.350000
272210    한화시스템     0.264286
2025-10-15 15:06:09,661 - INFO - [Momentum] 현재 보유: 5개, 빈 슬롯: 10개
2025-10-15 15:06:12,573 - INFO - [Momentum] 매수: 009830 한화솔루션 qty=9, px=29,100, AM=0.700, AM_prev=0.500, thr=0.65, type=crossing
2025-10-15 15:06:12,575 - INFO - ⚪ [매수] 한화솔루션(009830) 9주 @ 29,100원
2025-10-15 15:06:15,078 - INFO - 메모리 정리 완료: 66개 객체 수집, 현재 사용량: 167.57 MB
2025-10-15 18:13:19,292 - INFO - 날짜 2025-10-15 : 장이 닫혀있습니다.
2025-10-16 15:05:37,958 - INFO - 날짜 2025-10-16 : 장이 열려있습니다.
2025-10-16 15:05:37,959 - INFO - 총 평가금액: 17,007,316원, 전략1 할당: 5,102,195원 (30%)
2025-10-16 15:05:37,959 - INFO - 초기전자산1 설정: 17,007,316원
2025-10-16 15:05:37,959 - INFO - 초기전자산2 설정: 17,007,316원
2025-10-16 15:05:37,959 - INFO - 자산 현황:
2025-10-16 15:05:37,961 - INFO -   초기전자산1: 17,007,316원 → 현재: 17,007,316원 (수익률: +0.00%, 수익금: +0원)
2025-10-16 15:05:37,961 - INFO -   초기전자산2: 17,007,316원 → 현재: 17,007,316원 (수익률: +0.00%, 수익금: +0원)
2025-10-16 15:05:38,278 - INFO - 구매중 → 보유중 변경: 068760 셀트리온제약 10주
2025-10-16 15:05:38,278 - INFO - 구매중 → 보유중 변경: 009830 한화솔루션 9주
2025-10-16 15:05:38,570 - INFO - [Momentum] 포지션 동기화: 변경사항 없음
2025-10-16 15:05:45,066 - INFO - 시장 필터: KOSPI 현재(3,735.28) > 200MA(2,842.09) -> 상승장
2025-10-16 15:05:54,038 - INFO - [Momentum] 후보 상위 미리보기:
  code        name  final_score
161390 한국타이어앤테크놀로지         0.88
005490    POSCO홀딩스         0.79
047050    포스코인터내셔널         0.66
009830       한화솔루션         0.41
000880          한화         0.26
2025-10-16 15:05:54,143 - INFO - 시장 필터: KOSPI 현재(3,735.59) > 200MA(2,842.09) -> 상승장
2025-10-16 15:06:03,705 - INFO - [Momentum] 후보 상위 미리보기:
  code        name  final_score
161390 한국타이어앤테크놀로지         0.88
005490    POSCO홀딩스         0.79
047050    포스코인터내셔널         0.66
009830       한화솔루션         0.41
000880          한화         0.26
2025-10-16 15:06:05,181 - INFO - [Momentum] 현재 보유: 6개, 빈 슬롯: 9개
2025-10-16 15:06:08,437 - INFO - [Momentum] 매수: 161390 한국타이어앤테크놀로지 qty=8, px=41,350, AM=0.800, AM_prev=0.600, thr=0.65, type=crossing
2025-10-16 15:06:08,437 - INFO - ⚪ [매수] 한국타이어앤테크놀로지(161390) 8주 @ 41,350원
2025-10-16 15:06:10,228 - INFO - [Momentum] 매수: 005490 POSCO홀딩스 qty=1, px=285,000, AM=0.700, AM_prev=0.600, thr=0.65, type=crossing
2025-10-16 15:06:10,238 - INFO - ⚪ [매수] POSCO홀딩스(005490) 1주 @ 285,000원
2025-10-16 15:06:11,745 - INFO - [Momentum] 매수: 047050 포스코인터내셔널 qty=6, px=51,400, AM=0.700, AM_prev=0.600, thr=0.65, type=crossing
2025-10-16 15:06:11,747 - INFO - ⚪ [매수] 포스코인터내셔널(047050) 6주 @ 51,400원
2025-10-16 15:06:13,305 - INFO - [Momentum] 매수: 009830 한화솔루션 qty=2, px=29,600, AM=0.700, AM_prev=0.600, thr=0.65, type=crossing
2025-10-16 15:06:13,307 - INFO - ⚪ [매수] 한화솔루션(009830) 2주 @ 29,600원
2025-10-16 15:06:15,139 - INFO - [Momentum] 매수: 000880 한화 qty=4, px=83,000, AM=0.700, AM_prev=0.600, thr=0.65, type=crossing
2025-10-16 15:06:15,147 - INFO - ⚪ [매수] 한화(000880) 4주 @ 83,000원
2025-10-16 15:06:18,680 - INFO - 메모리 정리 완료: 132개 객체 수집, 현재 사용량: 167.81 MB
2025-10-17 15:06:00,435 - INFO - 날짜 2025-10-17 : 장이 열려있습니다.
2025-10-17 15:06:00,449 - INFO - 총 평가금액: 17,007,779원, 전략1 할당: 5,102,334원 (30%)
2025-10-17 15:06:00,471 - INFO - 자산 현황:
2025-10-17 15:06:00,471 - INFO -   초기전자산1: 17,007,316원 → 현재: 17,007,779원 (수익률: +0.00%, 수익금: +463원)
2025-10-17 15:06:00,471 - INFO -   초기전자산2: 17,007,316원 → 현재: 17,007,779원 (수익률: +0.00%, 수익금: +463원)
2025-10-17 15:06:00,765 - INFO - 구매중 → 보유중 변경: 068760 셀트리온제약 10주
2025-10-17 15:06:00,769 - INFO - 구매중 → 보유중 변경: 009830 한화솔루션 11주
2025-10-17 15:06:00,769 - INFO - 구매중 → 보유중 변경: 161390 한국타이어앤테크놀로지 8주
2025-10-17 15:06:00,769 - INFO - 구매중 → 보유중 변경: 005490 POSCO홀딩스 1주
2025-10-17 15:06:00,771 - INFO - 구매중 → 보유중 변경: 047050 포스코인터내셔널 6주
2025-10-17 15:06:00,771 - INFO - 구매중 → 보유중 변경: 000880 한화 4주
2025-10-17 15:06:01,063 - INFO - [Momentum] 포지션 동기화: 변경사항 없음
2025-10-17 15:06:10,563 - INFO - 시장 필터: KOSPI 현재(3,746.29) > 200MA(2,848.44) -> 상승장
2025-10-17 15:06:19,845 - INFO - [Momentum] 후보 상위 미리보기:
  code name  final_score
086520 에코프로     1.000000
137400  피엔티     0.733333
348370   엔켐     0.641667
263750 펄어비스     0.408333
029780 삼성카드     0.383333
196170 알테오젠     0.333333
2025-10-17 15:06:20,013 - INFO - 시장 필터: KOSPI 현재(3,747.03) > 200MA(2,848.45) -> 상승장
2025-10-17 15:06:29,488 - INFO - [Momentum] 후보 상위 미리보기:
  code name  final_score
086520 에코프로     1.000000
137400  피엔티     0.733333
348370   엔켐     0.641667
263750 펄어비스     0.408333
029780 삼성카드     0.383333
196170 알테오젠     0.333333
2025-10-17 15:06:31,139 - INFO - [Momentum] 고정비율 손절: 000720 현대건설 현재가=55,800 <= 손절가=56,070
2025-10-17 15:06:31,656 - INFO - 🔴 [매도] 현대건설(000720) 4주 @ 56,000원 (손익: -25,200원)
2025-10-17 15:06:31,879 - INFO - [Momentum] 현재 보유: 10개, 빈 슬롯: 5개
2025-10-17 15:06:36,487 - INFO - [Momentum] 매수: 086520 에코프로 qty=4, px=72,800, AM=1.000, AM_prev=0.600, thr=0.65, type=crossing
2025-10-17 15:06:36,495 - INFO - ⚪ [매수] 에코프로(086520) 4주 @ 72,800원
2025-10-17 15:06:38,224 - INFO - [Momentum] 매수: 137400 피엔티 qty=8, px=41,100, AM=0.700, AM_prev=0.500, thr=0.65, type=crossing
2025-10-17 15:06:38,234 - INFO - ⚪ [매수] 피엔티(137400) 8주 @ 41,100원
2025-10-17 15:06:39,980 - INFO - [Momentum] 매수: 348370 엔켐 qty=4, px=84,900, AM=0.700, AM_prev=0.500, thr=0.65, type=crossing
2025-10-17 15:06:39,989 - INFO - ⚪ [매수] 엔켐(348370) 4주 @ 84,900원
2025-10-17 15:06:41,735 - INFO - [Momentum] 매수: 263750 펄어비스 qty=9, px=35,500, AM=0.700, AM_prev=0.600, thr=0.65, type=crossing
2025-10-17 15:06:41,744 - INFO - ⚪ [매수] 펄어비스(263750) 9주 @ 35,500원
2025-10-17 15:06:43,494 - INFO - [Momentum] 매수: 029780 삼성카드 qty=6, px=49,500, AM=0.700, AM_prev=0.600, thr=0.65, type=crossing
2025-10-17 15:06:43,503 - INFO - ⚪ [매수] 삼성카드(029780) 6주 @ 49,500원
2025-10-17 15:06:48,357 - INFO - 메모리 정리 완료: 132개 객체 수집, 현재 사용량: 167.86 MB
