2025-10-15 07:16:19,314 - INFO - 크론탭 스케줄러 시작
2025-10-15 07:16:19,314 - INFO - 크론탭 스케줄러 시작
2025-10-15 07:16:19,314 - INFO - 총 9개의 크론 스케줄 로드됨:
2025-10-15 07:16:19,316 - INFO -   - 0 15 * * 1-5 : KIS: 평일 15:00 KOSPIDrawdown 실행
2025-10-15 07:16:19,316 - INFO - 스케줄 설정 완료
2025-10-15 07:19:19,378 - INFO - 크론탭 스케줄러 시작
2025-10-15 07:19:19,378 - INFO - 크론탭 스케줄러 시작
2025-10-15 07:19:19,378 - INFO - 총 9개의 크론 스케줄 로드됨:
2025-10-15 07:19:19,378 - INFO -   - 0 15 * * 1-5 : KIS: 평일 15:00 KOSPIDrawdown 실행
2025-10-15 07:19:19,378 - INFO - 스케줄 설정 완료
2025-10-15 10:56:19,531 - INFO - 설정 파일이 변경되었습니다. 스케줄을 다시 로드합니다.
2025-10-15 10:56:19,546 - INFO - 크론탭 스케줄러 시작
2025-10-15 10:56:19,546 - INFO - 총 9개의 크론 스케줄 로드됨:
2025-10-15 10:56:19,546 - INFO -   - 55 14 * * 1-5 : KIS: 평일 14:55 ETFStrength 실행
2025-10-15 10:56:19,546 - INFO -   - 0 15 * * 1-5 : KIS: 평일 15:00 KOSPIDrawdown 실행
2025-10-15 10:56:19,546 - INFO -   - 5 15 * * 1-5 : KIS: 평일 15:05 Momentum 리밸런싱 실행
2025-10-15 10:56:19,546 - INFO - 스케줄 설정 완료
2025-10-15 10:57:19,548 - INFO - 크론 표현식 55 14 * * 1-5에 맞는 작업 실행(catchup): KIS: 평일 14:55 ETFStrength 실행
2025-10-15 10:57:19,548 - INFO - 작업 실행: ETF 강도 기반 롱/숏 라이브 (python_script)
2025-10-15 10:57:19,548 - INFO - Python 스크립트 직접 실행: ../kook/kis/ETFStrength.py
2025-10-15 10:57:37,500 - INFO - Python 스크립트 실행 성공: ../kook/kis/ETFStrength.py | 메모리(MB) before=30, after=31, delta=1
2025-10-15 10:57:37,505 - INFO - 작업 완료: ETF 강도 기반 롱/숏 라이브
2025-10-15 10:57:37,505 - INFO - 크론 표현식 5 15 * * 1-5에 맞는 작업 실행(catchup): KIS: 평일 15:05 Momentum 리밸런싱 실행
2025-10-15 10:57:37,505 - INFO - 작업 실행: Momentum Top30 라이브 리밸런싱 (python_script)
2025-10-15 10:57:37,505 - INFO - Python 스크립트 직접 실행: ../kook/kis/Momentum.py
2025-10-15 10:58:09,819 - INFO - Python 스크립트 실행 성공: ../kook/kis/Momentum.py | 메모리(MB) before=31, after=31, delta=0
2025-10-15 10:58:09,821 - INFO - 작업 완료: Momentum Top30 라이브 리밸런싱
2025-10-15 13:00:09,914 - INFO - 설정 파일이 변경되었습니다. 스케줄을 다시 로드합니다.
2025-10-15 13:00:09,930 - INFO - 크론탭 스케줄러 시작
2025-10-15 13:00:09,930 - INFO - 총 9개의 크론 스케줄 로드됨:
2025-10-15 13:00:09,930 - INFO -   - 50 14 * * * : 한투:매일 오후 14:50 MA 전략 봇 실행
2025-10-15 13:00:09,930 - INFO -   - 55 14 * * 1-5 : KIS: 평일 14:55 ETFStrength 실행
2025-10-15 13:00:09,930 - INFO -   - 0 15 * * 1-5 : KIS: 평일 15:00 KOSPIDrawdown 실행
2025-10-15 13:00:09,930 - INFO -   - 5 15 * * 1-5 : KIS: 평일 15:05 Momentum 리밸런싱 실행
2025-10-15 13:00:09,930 - INFO - 스케줄 설정 완료
2025-10-15 13:01:09,932 - INFO - 크론 표현식 50 14 * * *에 맞는 작업 실행(catchup): 한투:매일 오후 14:50 MA 전략 봇 실행
2025-10-15 13:01:09,932 - INFO - 작업 실행: MA 전략 KR 봇 실행 (python_script)
2025-10-15 13:01:09,932 - INFO - Python 스크립트 직접 실행: ../kook/kis/MA_Strategy_KR_Bot_v3.py
2025-10-15 13:01:45,985 - INFO - Python 스크립트 실행 성공: ../kook/kis/MA_Strategy_KR_Bot_v3.py | 메모리(MB) before=30, after=31, delta=1
2025-10-15 13:01:45,987 - INFO - 작업 완료: MA 전략 KR 봇 실행
2025-10-15 14:50:46,075 - INFO - 크론 표현식 50 14 * * *에 맞는 작업 실행(scheduled): 한투:매일 오후 14:50 MA 전략 봇 실행
2025-10-15 14:50:46,075 - INFO - 작업 실행: MA 전략 KR 봇 실행 (python_script)
2025-10-15 14:50:46,075 - INFO - Python 스크립트 직접 실행: ../kook/kis/MA_Strategy_KR_Bot_v3.py
2025-10-15 14:51:21,671 - INFO - Python 스크립트 실행 성공: ../kook/kis/MA_Strategy_KR_Bot_v3.py | 메모리(MB) before=30, after=31, delta=1
2025-10-15 14:51:21,673 - INFO - 작업 완료: MA 전략 KR 봇 실행
2025-10-15 14:55:21,679 - INFO - 크론 표현식 55 14 * * 1-5에 맞는 작업 실행(scheduled): KIS: 평일 14:55 ETFStrength 실행
2025-10-15 14:55:21,679 - INFO - 작업 실행: ETF 강도 기반 롱/숏 라이브 (python_script)
2025-10-15 14:55:21,679 - INFO - Python 스크립트 직접 실행: ../kook/kis/ETFStrength.py
2025-10-15 14:55:26,022 - INFO - Python 스크립트 실행 성공: ../kook/kis/ETFStrength.py | 메모리(MB) before=31, after=31, delta=0
2025-10-15 14:55:26,025 - INFO - 작업 완료: ETF 강도 기반 롱/숏 라이브
2025-10-15 15:00:26,031 - INFO - 크론 표현식 0 15 * * 1-5에 맞는 작업 실행(scheduled): KIS: 평일 15:00 KOSPIDrawdown 실행
2025-10-15 15:00:26,031 - INFO - 작업 실행: KOSPI 드로우다운 피라미딩 라이브 (python_script)
2025-10-15 15:00:26,031 - INFO - Python 스크립트 직접 실행: ../kook/kis/KOSPIDrawdown.py
2025-10-15 15:00:40,400 - INFO - Python 스크립트 실행 성공: ../kook/kis/KOSPIDrawdown.py | 메모리(MB) before=31, after=31, delta=0
2025-10-15 15:00:40,402 - INFO - 작업 완료: KOSPI 드로우다운 피라미딩 라이브
2025-10-15 15:05:40,408 - INFO - 크론 표현식 5 15 * * 1-5에 맞는 작업 실행(scheduled): KIS: 평일 15:05 Momentum 리밸런싱 실행
2025-10-15 15:05:40,408 - INFO - 작업 실행: Momentum Top30 라이브 리밸런싱 (python_script)
2025-10-15 15:05:40,408 - INFO - Python 스크립트 직접 실행: ../kook/kis/Momentum.py
2025-10-15 15:06:15,333 - INFO - Python 스크립트 실행 성공: ../kook/kis/Momentum.py | 메모리(MB) before=31, after=31, delta=0
2025-10-15 15:06:15,337 - INFO - 작업 완료: Momentum Top30 라이브 리밸런싱
2025-10-15 17:32:20,353 - INFO - 크론탭 스케줄러 시작
2025-10-15 17:32:20,353 - INFO - 크론탭 스케줄러 시작
2025-10-15 17:32:20,355 - INFO - 총 9개의 크론 스케줄 로드됨:
2025-10-15 17:32:20,355 - INFO -   - 50 14 * * * : 한투:매일 오후 14:50 MA 전략 봇 실행
2025-10-15 17:32:20,355 - INFO -   - 55 14 * * 1-5 : KIS: 평일 14:55 ETFStrength 실행
2025-10-15 17:32:20,355 - INFO -   - 0 15 * * 1-5 : KIS: 평일 15:00 KOSPIDrawdown 실행
2025-10-15 17:32:20,355 - INFO -   - 5 15 * * 1-5 : KIS: 평일 15:05 Momentum 리밸런싱 실행
2025-10-15 17:32:20,355 - INFO - 스케줄 설정 완료
2025-10-16 14:50:22,434 - INFO - 크론 표현식 50 14 * * *에 맞는 작업 실행(scheduled): 한투:매일 오후 14:50 MA 전략 봇 실행
2025-10-16 14:50:22,434 - INFO - 작업 실행: MA 전략 KR 봇 실행 (python_script)
2025-10-16 14:50:22,434 - INFO - Python 스크립트 직접 실행: ../kook/kis/MA_Strategy_KR_Bot_v3.py
2025-10-16 14:51:12,582 - INFO - Python 스크립트 실행 성공: ../kook/kis/MA_Strategy_KR_Bot_v3.py | 메모리(MB) before=30, after=31, delta=1
2025-10-16 14:51:12,584 - INFO - 작업 완료: MA 전략 KR 봇 실행
2025-10-16 14:55:12,590 - INFO - 크론 표현식 55 14 * * 1-5에 맞는 작업 실행(scheduled): KIS: 평일 14:55 ETFStrength 실행
2025-10-16 14:55:12,590 - INFO - 작업 실행: ETF 강도 기반 롱/숏 라이브 (python_script)
2025-10-16 14:55:12,590 - INFO - Python 스크립트 직접 실행: ../kook/kis/ETFStrength.py
2025-10-16 14:55:18,208 - INFO - Python 스크립트 실행 성공: ../kook/kis/ETFStrength.py | 메모리(MB) before=31, after=31, delta=0
2025-10-16 14:55:18,212 - INFO - 작업 완료: ETF 강도 기반 롱/숏 라이브
2025-10-16 15:00:18,218 - INFO - 크론 표현식 0 15 * * 1-5에 맞는 작업 실행(scheduled): KIS: 평일 15:00 KOSPIDrawdown 실행
2025-10-16 15:00:18,218 - INFO - 작업 실행: KOSPI 드로우다운 피라미딩 라이브 (python_script)
2025-10-16 15:00:18,218 - INFO - Python 스크립트 직접 실행: ../kook/kis/KOSPIDrawdown.py
2025-10-16 15:00:35,611 - INFO - Python 스크립트 실행 성공: ../kook/kis/KOSPIDrawdown.py | 메모리(MB) before=31, after=31, delta=0
2025-10-16 15:00:35,613 - INFO - 작업 완료: KOSPI 드로우다운 피라미딩 라이브
2025-10-16 15:05:35,620 - INFO - 크론 표현식 5 15 * * 1-5에 맞는 작업 실행(scheduled): KIS: 평일 15:05 Momentum 리밸런싱 실행
2025-10-16 15:05:35,620 - INFO - 작업 실행: Momentum Top30 라이브 리밸런싱 (python_script)
2025-10-16 15:05:35,620 - INFO - Python 스크립트 직접 실행: ../kook/kis/Momentum.py
2025-10-16 15:06:18,944 - INFO - Python 스크립트 실행 성공: ../kook/kis/Momentum.py | 메모리(MB) before=31, after=31, delta=0
2025-10-16 15:06:18,948 - INFO - 작업 완료: Momentum Top30 라이브 리밸런싱
2025-10-17 14:50:17,658 - INFO - 크론 표현식 50 14 * * *에 맞는 작업 실행(scheduled): 한투:매일 오후 14:50 MA 전략 봇 실행
2025-10-17 14:50:17,658 - INFO - 작업 실행: MA 전략 KR 봇 실행 (python_script)
2025-10-17 14:50:17,658 - INFO - Python 스크립트 직접 실행: ../kook/kis/MA_Strategy_KR_Bot_v3.py
2025-10-17 14:50:41,733 - INFO - Python 스크립트 실행 성공: ../kook/kis/MA_Strategy_KR_Bot_v3.py | 메모리(MB) before=30, after=31, delta=1
2025-10-17 14:50:41,737 - INFO - 작업 완료: MA 전략 KR 봇 실행
2025-10-17 14:55:41,742 - INFO - 크론 표현식 55 14 * * 1-5에 맞는 작업 실행(scheduled): KIS: 평일 14:55 ETFStrength 실행
2025-10-17 14:55:41,742 - INFO - 작업 실행: ETF 강도 기반 롱/숏 라이브 (python_script)
2025-10-17 14:55:41,742 - INFO - Python 스크립트 직접 실행: ../kook/kis/ETFStrength.py
2025-10-17 14:55:46,860 - INFO - Python 스크립트 실행 성공: ../kook/kis/ETFStrength.py | 메모리(MB) before=30, after=31, delta=1
2025-10-17 14:55:46,863 - INFO - 작업 완료: ETF 강도 기반 롱/숏 라이브
2025-10-17 15:00:46,870 - INFO - 크론 표현식 0 15 * * 1-5에 맞는 작업 실행(scheduled): KIS: 평일 15:00 KOSPIDrawdown 실행
2025-10-17 15:00:46,870 - INFO - 작업 실행: KOSPI 드로우다운 피라미딩 라이브 (python_script)
2025-10-17 15:00:46,870 - INFO - Python 스크립트 직접 실행: ../kook/kis/KOSPIDrawdown.py
2025-10-17 15:00:58,080 - INFO - Python 스크립트 실행 성공: ../kook/kis/KOSPIDrawdown.py | 메모리(MB) before=30, after=31, delta=1
2025-10-17 15:00:58,082 - INFO - 작업 완료: KOSPI 드로우다운 피라미딩 라이브
2025-10-17 15:05:58,089 - INFO - 크론 표현식 5 15 * * 1-5에 맞는 작업 실행(scheduled): KIS: 평일 15:05 Momentum 리밸런싱 실행
2025-10-17 15:05:58,089 - INFO - 작업 실행: Momentum Top30 라이브 리밸런싱 (python_script)
2025-10-17 15:05:58,089 - INFO - Python 스크립트 직접 실행: ../kook/kis/Momentum.py
2025-10-17 15:06:48,612 - INFO - Python 스크립트 실행 성공: ../kook/kis/Momentum.py | 메모리(MB) before=30, after=30, delta=0
2025-10-17 15:06:48,616 - INFO - 작업 완료: Momentum Top30 라이브 리밸런싱
